# JRE version: Java(TM) SE Runtime Environment (8.0_101-b13) (build 1.8.0_101-b13)
# Java VM: Java HotSpot(TM) 64-Bit Server VM (25.101-b13 mixed mode windows-amd64 compressed oops)
Heap:
 PSYoungGen      total 15360K, used 4592K [0x00000000f1600000, 0x00000000f2b00000, 0x0000000100000000)
  eden space 11264K, 4% used [0x00000000f1600000,0x00000000f1682888,0x00000000f2100000)
  from space 4096K, 99% used [0x00000000f2100000,0x00000000f24f97a8,0x00000000f2500000)
  to   space 5120K, 0% used [0x00000000f2600000,0x00000000f2600000,0x00000000f2b00000)
 ParOldGen       total 30208K, used 6934K [0x00000000d4200000, 0x00000000d5f80000, 0x00000000f1600000)
  object space 30208K, 22% used [0x00000000d4200000,0x00000000d48c5bf8,0x00000000d5f80000)
 Metaspace       used 15057K, capacity 15352K, committed 15488K, reserved 1062912K
  class space    used 2061K, capacity 2152K, committed 2176K, reserved 1048576K
GC Heap History (10 events):
Event: 5.832 GC heap before
{Heap before GC invocations=3 (full 0):
 PSYoungGen      total 13312K, used 13280K [0x00000000f1600000, 0x00000000f2480000, 0x0000000100000000)
  eden space 11776K, 100% used [0x00000000f1600000,0x00000000f2180000,0x00000000f2180000)
  from space 1536K, 97% used [0x00000000f2300000,0x00000000f2478020,0x00000000f2480000)
  to   space 1536K, 0% used [0x00000000f2180000,0x00000000f2180000,0x00000000f2300000)
 ParOldGen       total 30208K, used 2585K [0x00000000d4200000, 0x00000000d5f80000, 0x00000000f1600000)
  object space 30208K, 8% used [0x00000000d4200000,0x00000000d4486470,0x00000000d5f80000)
 Metaspace       used 8343K, capacity 8544K, committed 8704K, reserved 1056768K
  class space    used 1117K, capacity 1184K, committed 1280K, reserved 1048576K
Event: 5.838 GC heap after
Heap after GC invocations=3 (full 0):
 PSYoungGen      total 13312K, used 1520K [0x00000000f1600000, 0x00000000f2480000, 0x0000000100000000)
  eden space 11776K, 0% used [0x00000000f1600000,0x00000000f1600000,0x00000000f2180000)
  from space 1536K, 98% used [0x00000000f2180000,0x00000000f22fc030,0x00000000f2300000)
  to   space 1536K, 0% used [0x00000000f2300000,0x00000000f2300000,0x00000000f2480000)
 ParOldGen       total 30208K, used 3121K [0x00000000d4200000, 0x00000000d5f80000, 0x00000000f1600000)
  object space 30208K, 10% used [0x00000000d4200000,0x00000000d450c798,0x00000000d5f80000)
 Metaspace       used 8343K, capacity 8544K, committed 8704K, reserved 1056768K
  class space    used 1117K, capacity 1184K, committed 1280K, reserved 1048576K
}
Event: 7.463 GC heap before
{Heap before GC invocations=4 (full 0):
 PSYoungGen      total 13312K, used 13296K [0x00000000f1600000, 0x00000000f2480000, 0x0000000100000000)
  eden space 11776K, 100% used [0x00000000f1600000,0x00000000f2180000,0x00000000f2180000)
  from space 1536K, 98% used [0x00000000f2180000,0x00000000f22fc030,0x00000000f2300000)
  to   space 1536K, 0% used [0x00000000f2300000,0x00000000f2300000,0x00000000f2480000)
 ParOldGen       total 30208K, used 3121K [0x00000000d4200000, 0x00000000d5f80000, 0x00000000f1600000)
  object space 30208K, 10% used [0x00000000d4200000,0x00000000d450c798,0x00000000d5f80000)
 Metaspace       used 8600K, capacity 8824K, committed 8960K, reserved 1056768K
  class space    used 1169K, capacity 1256K, committed 1280K, reserved 1048576K
Event: 7.470 GC heap after
Heap after GC invocations=4 (full 0):
 PSYoungGen      total 13312K, used 1520K [0x00000000f1600000, 0x00000000f2480000, 0x0000000100000000)
  eden space 11776K, 0% used [0x00000000f1600000,0x00000000f1600000,0x00000000f2180000)
  from space 1536K, 98% used [0x00000000f2300000,0x00000000f247c010,0x00000000f2480000)
  to   space 1536K, 0% used [0x00000000f2180000,0x00000000f2180000,0x00000000f2300000)
 ParOldGen       total 30208K, used 4108K [0x00000000d4200000, 0x00000000d5f80000, 0x00000000f1600000)
  object space 30208K, 13% used [0x00000000d4200000,0x00000000d4603010,0x00000000d5f80000)
 Metaspace       used 8600K, capacity 8824K, committed 8960K, reserved 1056768K
  class space    used 1169K, capacity 1256K, committed 1280K, reserved 1048576K
}
Event: 8.148 GC heap before
{Heap before GC invocations=5 (full 0):
 PSYoungGen      total 13312K, used 13296K [0x00000000f1600000, 0x00000000f2480000, 0x0000000100000000)
  eden space 11776K, 100% used [0x00000000f1600000,0x00000000f2180000,0x00000000f2180000)
  from space 1536K, 98% used [0x00000000f2300000,0x00000000f247c010,0x00000000f2480000)
  to   space 1536K, 0% used [0x00000000f2180000,0x00000000f2180000,0x00000000f2300000)
 ParOldGen       total 30208K, used 4108K [0x00000000d4200000, 0x00000000d5f80000, 0x00000000f1600000)
  object space 30208K, 13% used [0x00000000d4200000,0x00000000d4603010,0x00000000d5f80000)
 Metaspace       used 10119K, capacity 10392K, committed 10496K, reserved 1058816K
  class space    used 1410K, capacity 1480K, committed 1536K, reserved 1048576K
Event: 8.154 GC heap after
Heap after GC invocations=5 (full 0):
 PSYoungGen      total 13312K, used 1520K [0x00000000f1600000, 0x00000000f2880000, 0x0000000100000000)
  eden space 11776K, 0% used [0x00000000f1600000,0x00000000f1600000,0x00000000f2180000)
  from space 1536K, 98% used [0x00000000f2180000,0x00000000f22fc030,0x00000000f2300000)
  to   space 3584K, 0% used [0x00000000f2500000,0x00000000f2500000,0x00000000f2880000)
 ParOldGen       total 30208K, used 5578K [0x00000000d4200000, 0x00000000d5f80000, 0x00000000f1600000)
  object space 30208K, 18% used [0x00000000d4200000,0x00000000d47728b0,0x00000000d5f80000)
 Metaspace       used 10119K, capacity 10392K, committed 10496K, reserved 1058816K
  class space    used 1410K, capacity 1480K, committed 1536K, reserved 1048576K
}
Event: 9.219 GC heap before
{Heap before GC invocations=6 (full 0):
 PSYoungGen      total 13312K, used 13068K [0x00000000f1600000, 0x00000000f2880000, 0x0000000100000000)
  eden space 11776K, 98% used [0x00000000f1600000,0x00000000f2147008,0x00000000f2180000)
  from space 1536K, 98% used [0x00000000f2180000,0x00000000f22fc030,0x00000000f2300000)
  to   space 3584K, 0% used [0x00000000f2500000,0x00000000f2500000,0x00000000f2880000)
 ParOldGen       total 30208K, used 5578K [0x00000000d4200000, 0x00000000d5f80000, 0x00000000f1600000)
  object space 30208K, 18% used [0x00000000d4200000,0x00000000d47728b0,0x00000000d5f80000)
 Metaspace       used 12048K, capacity 12280K, committed 12544K, reserved 1060864K
  class space    used 1689K, capacity 1768K, committed 1792K, reserved 1048576K
Event: 9.232 GC heap after
Heap after GC invocations=6 (full 0):
 PSYoungGen      total 14848K, used 3569K [0x00000000f1600000, 0x00000000f2980000, 0x0000000100000000)
  eden space 11264K, 0% used [0x00000000f1600000,0x00000000f1600000,0x00000000f2100000)
  from space 3584K, 99% used [0x00000000f2500000,0x00000000f287c6a8,0x00000000f2880000)
  to   space 4096K, 0% used [0x00000000f2100000,0x00000000f2100000,0x00000000f2500000)
 ParOldGen       total 30208K, used 5986K [0x00000000d4200000, 0x00000000d5f80000, 0x00000000f1600000)
  object space 30208K, 19% used [0x00000000d4200000,0x00000000d47d8a70,0x00000000d5f80000)
 Metaspace       used 12048K, capacity 12280K, committed 12544K, reserved 1060864K
  class space    used 1689K, capacity 1768K, committed 1792K, reserved 1048576K
}
Event: 10.294 GC heap before
{Heap before GC invocations=7 (full 0):
 PSYoungGen      total 14848K, used 14833K [0x00000000f1600000, 0x00000000f2980000, 0x0000000100000000)
  eden space 11264K, 100% used [0x00000000f1600000,0x00000000f2100000,0x00000000f2100000)
  from space 3584K, 99% used [0x00000000f2500000,0x00000000f287c6a8,0x00000000f2880000)
  to   space 4096K, 0% used [0x00000000f2100000,0x00000000f2100000,0x00000000f2500000)
 ParOldGen       total 30208K, used 5986K [0x00000000d4200000, 0x00000000d5f80000, 0x00000000f1600000)
  object space 30208K, 19% used [0x00000000d4200000,0x00000000d47d8a70,0x00000000d5f80000)
 Metaspace       used 14966K, capacity 15288K, committed 15488K, reserved 1062912K
  class space    used 2050K, capacity 2152K, committed 2176K, reserved 1048576K
Event: 10.304 GC heap after
Heap after GC invocations=7 (full 0):
 PSYoungGen      total 15360K, used 4069K [0x00000000f1600000, 0x00000000f2b00000, 0x0000000100000000)
  eden space 11264K, 0% used [0x00000000f1600000,0x00000000f1600000,0x00000000f2100000)
  from space 4096K, 99% used [0x00000000f2100000,0x00000000f24f97a8,0x00000000f2500000)
  to   space 5120K, 0% used [0x00000000f2600000,0x00000000f2600000,0x00000000f2b00000)
 ParOldGen       total 30208K, used 6934K [0x00000000d4200000, 0x00000000d5f80000, 0x00000000f1600000)
  object space 30208K, 22% used [0x00000000d4200000,0x00000000d48c5bf8,0x00000000d5f80000)
 Metaspace       used 14966K, capacity 15288K, committed 15488K, reserved 1062912K
  class space    used 2050K, capacity 2152K, committed 2176K, reserved 1048576K
}

