# JRE version: Java(TM) SE Runtime Environment (8.0_101-b13) (build 1.8.0_101-b13)
# Java VM: Java HotSpot(TM) 64-Bit Server VM (25.101-b13 mixed mode windows-amd64 compressed oops)
Heap:
 PSYoungGen      total 70144K, used 15989K [0x00000000f1600000, 0x00000000f6080000, 0x0000000100000000)
  eden space 64000K, 17% used [0x00000000f1600000,0x00000000f2126580,0x00000000f5480000)
  from space 6144K, 74% used [0x00000000f5a80000,0x00000000f5ef6ec8,0x00000000f6080000)
  to   space 6144K, 0% used [0x00000000f5480000,0x00000000f5480000,0x00000000f5a80000)
 ParOldGen       total 27136K, used 20162K [0x00000000d4200000, 0x00000000d5c80000, 0x00000000f1600000)
  object space 27136K, 74% used [0x00000000d4200000,0x00000000d55b0b08,0x00000000d5c80000)
 Metaspace       used 41669K, capacity 42448K, committed 42624K, reserved 1085440K
  class space    used 5656K, capacity 5901K, committed 6016K, reserved 1048576K
GC Heap History (10 events):
Event: 42.448 GC heap before
{Heap before GC invocations=14 (full 1):
 PSYoungGen      total 52224K, used 51180K [0x00000000f1600000, 0x00000000f4f00000, 0x0000000100000000)
  eden space 48128K, 100% used [0x00000000f1600000,0x00000000f4500000,0x00000000f4500000)
  from space 4096K, 74% used [0x00000000f4b00000,0x00000000f4dfb0a0,0x00000000f4f00000)
  to   space 5120K, 0% used [0x00000000f4500000,0x00000000f4500000,0x00000000f4a00000)
 ParOldGen       total 27136K, used 10077K [0x00000000d4200000, 0x00000000d5c80000, 0x00000000f1600000)
  object space 27136K, 37% used [0x00000000d4200000,0x00000000d4bd74f8,0x00000000d5c80000)
 Metaspace       used 30274K, capacity 30740K, committed 30976K, reserved 1075200K
  class space    used 4143K, capacity 4315K, committed 4352K, reserved 1048576K
Event: 42.472 GC heap after
Heap after GC invocations=14 (full 1):
 PSYoungGen      total 53248K, used 5111K [0x00000000f1600000, 0x00000000f6080000, 0x0000000100000000)
  eden space 48128K, 0% used [0x00000000f1600000,0x00000000f1600000,0x00000000f4500000)
  from space 5120K, 99% used [0x00000000f4500000,0x00000000f49fdce8,0x00000000f4a00000)
  to   space 6144K, 0% used [0x00000000f5a80000,0x00000000f5a80000,0x00000000f6080000)
 ParOldGen       total 27136K, used 11294K [0x00000000d4200000, 0x00000000d5c80000, 0x00000000f1600000)
  object space 27136K, 41% used [0x00000000d4200000,0x00000000d4d07938,0x00000000d5c80000)
 Metaspace       used 30274K, capacity 30740K, committed 30976K, reserved 1075200K
  class space    used 4143K, capacity 4315K, committed 4352K, reserved 1048576K
}
Event: 44.628 GC heap before
{Heap before GC invocations=15 (full 1):
 PSYoungGen      total 53248K, used 53239K [0x00000000f1600000, 0x00000000f6080000, 0x0000000100000000)
  eden space 48128K, 100% used [0x00000000f1600000,0x00000000f4500000,0x00000000f4500000)
  from space 5120K, 99% used [0x00000000f4500000,0x00000000f49fdce8,0x00000000f4a00000)
  to   space 6144K, 0% used [0x00000000f5a80000,0x00000000f5a80000,0x00000000f6080000)
 ParOldGen       total 27136K, used 11294K [0x00000000d4200000, 0x00000000d5c80000, 0x00000000f1600000)
  object space 27136K, 41% used [0x00000000d4200000,0x00000000d4d07938,0x00000000d5c80000)
 Metaspace       used 32546K, capacity 33094K, committed 33280K, reserved 1077248K
  class space    used 4449K, capacity 4606K, committed 4608K, reserved 1048576K
Event: 44.657 GC heap after
Heap after GC invocations=15 (full 1):
 PSYoungGen      total 70144K, used 3399K [0x00000000f1600000, 0x00000000f6080000, 0x0000000100000000)
  eden space 64000K, 0% used [0x00000000f1600000,0x00000000f1600000,0x00000000f5480000)
  from space 6144K, 55% used [0x00000000f5a80000,0x00000000f5dd1fc0,0x00000000f6080000)
  to   space 6144K, 0% used [0x00000000f5480000,0x00000000f5480000,0x00000000f5a80000)
 ParOldGen       total 27136K, used 13781K [0x00000000d4200000, 0x00000000d5c80000, 0x00000000f1600000)
  object space 27136K, 50% used [0x00000000d4200000,0x00000000d4f75730,0x00000000d5c80000)
 Metaspace       used 32546K, capacity 33094K, committed 33280K, reserved 1077248K
  class space    used 4449K, capacity 4606K, committed 4608K, reserved 1048576K
}
Event: 47.416 GC heap before
{Heap before GC invocations=16 (full 1):
 PSYoungGen      total 70144K, used 50477K [0x00000000f1600000, 0x00000000f6080000, 0x0000000100000000)
  eden space 64000K, 73% used [0x00000000f1600000,0x00000000f43f94b8,0x00000000f5480000)
  from space 6144K, 55% used [0x00000000f5a80000,0x00000000f5dd1fc0,0x00000000f6080000)
  to   space 6144K, 0% used [0x00000000f5480000,0x00000000f5480000,0x00000000f5a80000)
 ParOldGen       total 27136K, used 13781K [0x00000000d4200000, 0x00000000d5c80000, 0x00000000f1600000)
  object space 27136K, 50% used [0x00000000d4200000,0x00000000d4f75730,0x00000000d5c80000)
 Metaspace       used 34667K, capacity 35214K, committed 35456K, reserved 1079296K
  class space    used 4731K, capacity 4926K, committed 4992K, reserved 1048576K
Event: 47.481 GC heap after
Heap after GC invocations=16 (full 1):
 PSYoungGen      total 70144K, used 6120K [0x00000000f1600000, 0x00000000f6080000, 0x0000000100000000)
  eden space 64000K, 0% used [0x00000000f1600000,0x00000000f1600000,0x00000000f5480000)
  from space 6144K, 99% used [0x00000000f5480000,0x00000000f5a7a308,0x00000000f5a80000)
  to   space 6144K, 0% used [0x00000000f5a80000,0x00000000f5a80000,0x00000000f6080000)
 ParOldGen       total 27136K, used 16406K [0x00000000d4200000, 0x00000000d5c80000, 0x00000000f1600000)
  object space 27136K, 60% used [0x00000000d4200000,0x00000000d5205960,0x00000000d5c80000)
 Metaspace       used 34667K, capacity 35214K, committed 35456K, reserved 1079296K
  class space    used 4731K, capacity 4926K, committed 4992K, reserved 1048576K
}
Event: 47.481 GC heap before
{Heap before GC invocations=17 (full 2):
 PSYoungGen      total 70144K, used 6120K [0x00000000f1600000, 0x00000000f6080000, 0x0000000100000000)
  eden space 64000K, 0% used [0x00000000f1600000,0x00000000f1600000,0x00000000f5480000)
  from space 6144K, 99% used [0x00000000f5480000,0x00000000f5a7a308,0x00000000f5a80000)
  to   space 6144K, 0% used [0x00000000f5a80000,0x00000000f5a80000,0x00000000f6080000)
 ParOldGen       total 27136K, used 16406K [0x00000000d4200000, 0x00000000d5c80000, 0x00000000f1600000)
  object space 27136K, 60% used [0x00000000d4200000,0x00000000d5205960,0x00000000d5c80000)
 Metaspace       used 34667K, capacity 35214K, committed 35456K, reserved 1079296K
  class space    used 4731K, capacity 4926K, committed 4992K, reserved 1048576K
Event: 48.079 GC heap after
Heap after GC invocations=17 (full 2):
 PSYoungGen      total 70144K, used 0K [0x00000000f1600000, 0x00000000f6080000, 0x0000000100000000)
  eden space 64000K, 0% used [0x00000000f1600000,0x00000000f1600000,0x00000000f5480000)
  from space 6144K, 0% used [0x00000000f5480000,0x00000000f5480000,0x00000000f5a80000)
  to   space 6144K, 0% used [0x00000000f5a80000,0x00000000f5a80000,0x00000000f6080000)
 ParOldGen       total 27136K, used 20154K [0x00000000d4200000, 0x00000000d5c80000, 0x00000000f1600000)
  object space 27136K, 74% used [0x00000000d4200000,0x00000000d55aeb08,0x00000000d5c80000)
 Metaspace       used 34667K, capacity 35214K, committed 35456K, reserved 1079296K
  class space    used 4731K, capacity 4926K, committed 4992K, reserved 1048576K
}
Event: 52.994 GC heap before
{Heap before GC invocations=18 (full 2):
 PSYoungGen      total 70144K, used 64000K [0x00000000f1600000, 0x00000000f6080000, 0x0000000100000000)
  eden space 64000K, 100% used [0x00000000f1600000,0x00000000f5480000,0x00000000f5480000)
  from space 6144K, 0% used [0x00000000f5480000,0x00000000f5480000,0x00000000f5a80000)
  to   space 6144K, 0% used [0x00000000f5a80000,0x00000000f5a80000,0x00000000f6080000)
 ParOldGen       total 27136K, used 20154K [0x00000000d4200000, 0x00000000d5c80000, 0x00000000f1600000)
  object space 27136K, 74% used [0x00000000d4200000,0x00000000d55aeb08,0x00000000d5c80000)
 Metaspace       used 40698K, capacity 41396K, committed 41728K, reserved 1085440K
  class space    used 5528K, capacity 5761K, committed 5888K, reserved 1048576K
Event: 53.017 GC heap after
Heap after GC invocations=18 (full 2):
 PSYoungGen      total 70144K, used 4571K [0x00000000f1600000, 0x00000000f6080000, 0x0000000100000000)
  eden space 64000K, 0% used [0x00000000f1600000,0x00000000f1600000,0x00000000f5480000)
  from space 6144K, 74% used [0x00000000f5a80000,0x00000000f5ef6ec8,0x00000000f6080000)
  to   space 6144K, 0% used [0x00000000f5480000,0x00000000f5480000,0x00000000f5a80000)
 ParOldGen       total 27136K, used 20162K [0x00000000d4200000, 0x00000000d5c80000, 0x00000000f1600000)
  object space 27136K, 74% used [0x00000000d4200000,0x00000000d55b0b08,0x00000000d5c80000)
 Metaspace       used 40698K, capacity 41396K, committed 41728K, reserved 1085440K
  class space    used 5528K, capacity 5761K, committed 5888K, reserved 1048576K
}

