# JRE version: Java(TM) SE Runtime Environment (8.0_101-b13) (build 1.8.0_101-b13)
# Java VM: Java HotSpot(TM) 64-Bit Server VM (25.101-b13 mixed mode windows-amd64 compressed oops)
Heap:
 PSYoungGen      total 48640K, used 11273K [0x00000000f1600000, 0x00000000f4700000, 0x0000000100000000)
  eden space 47104K, 23% used [0x00000000f1600000,0x00000000f2102500,0x00000000f4400000)
  from space 1536K, 0% used [0x00000000f4580000,0x00000000f4580000,0x00000000f4700000)
  to   space 1536K, 0% used [0x00000000f4400000,0x00000000f4400000,0x00000000f4580000)
 ParOldGen       total 39936K, used 15917K [0x00000000d4200000, 0x00000000d6900000, 0x00000000f1600000)
  object space 39936K, 39% used [0x00000000d4200000,0x00000000d518b540,0x00000000d6900000)
 Metaspace       used 21607K, capacity 21854K, committed 22144K, reserved 1069056K
  class space    used 3014K, capacity 3097K, committed 3200K, reserved 1048576K
GC Heap History (10 events):
Event: 3.314 GC heap before
{Heap before GC invocations=3 (full 0):
 PSYoungGen      total 25088K, used 25056K [0x00000000f1600000, 0x00000000f3000000, 0x0000000100000000)
  eden space 23552K, 100% used [0x00000000f1600000,0x00000000f2d00000,0x00000000f2d00000)
  from space 1536K, 97% used [0x00000000f2e80000,0x00000000f2ff8020,0x00000000f3000000)
  to   space 1536K, 0% used [0x00000000f2d00000,0x00000000f2d00000,0x00000000f2e80000)
 ParOldGen       total 30208K, used 2506K [0x00000000d4200000, 0x00000000d5f80000, 0x00000000f1600000)
  object space 30208K, 8% used [0x00000000d4200000,0x00000000d44728a8,0x00000000d5f80000)
 Metaspace       used 8610K, capacity 8888K, committed 8960K, reserved 1056768K
  class space    used 1167K, capacity 1256K, committed 1280K, reserved 1048576K
Event: 3.354 GC heap after
Heap after GC invocations=3 (full 0):
 PSYoungGen      total 25088K, used 1504K [0x00000000f1600000, 0x00000000f4700000, 0x0000000100000000)
  eden space 23552K, 0% used [0x00000000f1600000,0x00000000f1600000,0x00000000f2d00000)
  from space 1536K, 97% used [0x00000000f2d00000,0x00000000f2e78040,0x00000000f2e80000)
  to   space 1536K, 0% used [0x00000000f4580000,0x00000000f4580000,0x00000000f4700000)
 ParOldGen       total 30208K, used 4052K [0x00000000d4200000, 0x00000000d5f80000, 0x00000000f1600000)
  object space 30208K, 13% used [0x00000000d4200000,0x00000000d45f5398,0x00000000d5f80000)
 Metaspace       used 8610K, capacity 8888K, committed 8960K, reserved 1056768K
  class space    used 1167K, capacity 1256K, committed 1280K, reserved 1048576K
}
Event: 4.196 GC heap before
{Heap before GC invocations=4 (full 0):
 PSYoungGen      total 25088K, used 25056K [0x00000000f1600000, 0x00000000f4700000, 0x0000000100000000)
  eden space 23552K, 100% used [0x00000000f1600000,0x00000000f2d00000,0x00000000f2d00000)
  from space 1536K, 97% used [0x00000000f2d00000,0x00000000f2e78040,0x00000000f2e80000)
  to   space 1536K, 0% used [0x00000000f4580000,0x00000000f4580000,0x00000000f4700000)
 ParOldGen       total 30208K, used 4052K [0x00000000d4200000, 0x00000000d5f80000, 0x00000000f1600000)
  object space 30208K, 13% used [0x00000000d4200000,0x00000000d45f5398,0x00000000d5f80000)
 Metaspace       used 12091K, capacity 12280K, committed 12544K, reserved 1060864K
  class space    used 1689K, capacity 1768K, committed 1792K, reserved 1048576K
Event: 4.208 GC heap after
Heap after GC invocations=4 (full 0):
 PSYoungGen      total 48640K, used 1520K [0x00000000f1600000, 0x00000000f4700000, 0x0000000100000000)
  eden space 47104K, 0% used [0x00000000f1600000,0x00000000f1600000,0x00000000f4400000)
  from space 1536K, 98% used [0x00000000f4580000,0x00000000f46fc030,0x00000000f4700000)
  to   space 1536K, 0% used [0x00000000f4400000,0x00000000f4400000,0x00000000f4580000)
 ParOldGen       total 30208K, used 7898K [0x00000000d4200000, 0x00000000d5f80000, 0x00000000f1600000)
  object space 30208K, 26% used [0x00000000d4200000,0x00000000d49b69d0,0x00000000d5f80000)
 Metaspace       used 12091K, capacity 12280K, committed 12544K, reserved 1060864K
  class space    used 1689K, capacity 1768K, committed 1792K, reserved 1048576K
}
Event: 10.477 GC heap before
{Heap before GC invocations=5 (full 0):
 PSYoungGen      total 48640K, used 48624K [0x00000000f1600000, 0x00000000f4700000, 0x0000000100000000)
  eden space 47104K, 100% used [0x00000000f1600000,0x00000000f4400000,0x00000000f4400000)
  from space 1536K, 98% used [0x00000000f4580000,0x00000000f46fc030,0x00000000f4700000)
  to   space 1536K, 0% used [0x00000000f4400000,0x00000000f4400000,0x00000000f4580000)
 ParOldGen       total 30208K, used 7898K [0x00000000d4200000, 0x00000000d5f80000, 0x00000000f1600000)
  object space 30208K, 26% used [0x00000000d4200000,0x00000000d49b69d0,0x00000000d5f80000)
 Metaspace       used 19081K, capacity 19376K, committed 19712K, reserved 1067008K
  class space    used 2592K, capacity 2701K, committed 2816K, reserved 1048576K
Event: 10.497 GC heap after
Heap after GC invocations=5 (full 0):
 PSYoungGen      total 48640K, used 1520K [0x00000000f1600000, 0x00000000f4700000, 0x0000000100000000)
  eden space 47104K, 0% used [0x00000000f1600000,0x00000000f1600000,0x00000000f4400000)
  from space 1536K, 98% used [0x00000000f4400000,0x00000000f457c030,0x00000000f4580000)
  to   space 1536K, 0% used [0x00000000f4580000,0x00000000f4580000,0x00000000f4700000)
 ParOldGen       total 30208K, used 14972K [0x00000000d4200000, 0x00000000d5f80000, 0x00000000f1600000)
  object space 30208K, 49% used [0x00000000d4200000,0x00000000d509f240,0x00000000d5f80000)
 Metaspace       used 19081K, capacity 19376K, committed 19712K, reserved 1067008K
  class space    used 2592K, capacity 2701K, committed 2816K, reserved 1048576K
}
Event: 13.947 GC heap before
{Heap before GC invocations=6 (full 0):
 PSYoungGen      total 48640K, used 21759K [0x00000000f1600000, 0x00000000f4700000, 0x0000000100000000)
  eden space 47104K, 42% used [0x00000000f1600000,0x00000000f29c3d48,0x00000000f4400000)
  from space 1536K, 98% used [0x00000000f4400000,0x00000000f457c030,0x00000000f4580000)
  to   space 1536K, 0% used [0x00000000f4580000,0x00000000f4580000,0x00000000f4700000)
 ParOldGen       total 30208K, used 14972K [0x00000000d4200000, 0x00000000d5f80000, 0x00000000f1600000)
  object space 30208K, 49% used [0x00000000d4200000,0x00000000d509f240,0x00000000d5f80000)
 Metaspace       used 20853K, capacity 21106K, committed 21248K, reserved 1067008K
  class space    used 2901K, capacity 2998K, committed 3072K, reserved 1048576K
Event: 13.964 GC heap after
Heap after GC invocations=6 (full 0):
 PSYoungGen      total 48640K, used 1520K [0x00000000f1600000, 0x00000000f4700000, 0x0000000100000000)
  eden space 47104K, 0% used [0x00000000f1600000,0x00000000f1600000,0x00000000f4400000)
  from space 1536K, 98% used [0x00000000f4580000,0x00000000f46fc020,0x00000000f4700000)
  to   space 1536K, 0% used [0x00000000f4400000,0x00000000f4400000,0x00000000f4580000)
 ParOldGen       total 30208K, used 17500K [0x00000000d4200000, 0x00000000d5f80000, 0x00000000f1600000)
  object space 30208K, 57% used [0x00000000d4200000,0x00000000d5317118,0x00000000d5f80000)
 Metaspace       used 20853K, capacity 21106K, committed 21248K, reserved 1067008K
  class space    used 2901K, capacity 2998K, committed 3072K, reserved 1048576K
}
Event: 13.964 GC heap before
{Heap before GC invocations=7 (full 1):
 PSYoungGen      total 48640K, used 1520K [0x00000000f1600000, 0x00000000f4700000, 0x0000000100000000)
  eden space 47104K, 0% used [0x00000000f1600000,0x00000000f1600000,0x00000000f4400000)
  from space 1536K, 98% used [0x00000000f4580000,0x00000000f46fc020,0x00000000f4700000)
  to   space 1536K, 0% used [0x00000000f4400000,0x00000000f4400000,0x00000000f4580000)
 ParOldGen       total 30208K, used 17500K [0x00000000d4200000, 0x00000000d5f80000, 0x00000000f1600000)
  object space 30208K, 57% used [0x00000000d4200000,0x00000000d5317118,0x00000000d5f80000)
 Metaspace       used 20853K, capacity 21106K, committed 21248K, reserved 1067008K
  class space    used 2901K, capacity 2998K, committed 3072K, reserved 1048576K
Event: 14.123 GC heap after
Heap after GC invocations=7 (full 1):
 PSYoungGen      total 48640K, used 0K [0x00000000f1600000, 0x00000000f4700000, 0x0000000100000000)
  eden space 47104K, 0% used [0x00000000f1600000,0x00000000f1600000,0x00000000f4400000)
  from space 1536K, 0% used [0x00000000f4580000,0x00000000f4580000,0x00000000f4700000)
  to   space 1536K, 0% used [0x00000000f4400000,0x00000000f4400000,0x00000000f4580000)
 ParOldGen       total 39936K, used 15917K [0x00000000d4200000, 0x00000000d6900000, 0x00000000f1600000)
  object space 39936K, 39% used [0x00000000d4200000,0x00000000d518b540,0x00000000d6900000)
 Metaspace       used 20853K, capacity 21106K, committed 21248K, reserved 1067008K
  class space    used 2901K, capacity 2998K, committed 3072K, reserved 1048576K
}

