# JRE version: Java(TM) SE Runtime Environment (8.0_101-b13) (build 1.8.0_101-b13)
# Java VM: Java HotSpot(TM) 64-Bit Server VM (25.101-b13 mixed mode windows-amd64 compressed oops)
Heap:
 PSYoungGen      total 38400K, used 19627K [0x00000000f1600000, 0x00000000f4780000, 0x0000000100000000)
  eden space 33280K, 48% used [0x00000000f1600000,0x00000000f25ac768,0x00000000f3680000)
  from space 5120K, 69% used [0x00000000f3680000,0x00000000f39fe760,0x00000000f3b80000)
  to   space 5120K, 0% used [0x00000000f4280000,0x00000000f4280000,0x00000000f4780000)
 ParOldGen       total 28672K, used 7832K [0x00000000d4200000, 0x00000000d5e00000, 0x00000000f1600000)
  object space 28672K, 27% used [0x00000000d4200000,0x00000000d49a6230,0x00000000d5e00000)
 Metaspace       used 28063K, capacity 28512K, committed 28928K, reserved 1075200K
  class space    used 3884K, capacity 4039K, committed 4096K, reserved 1048576K
GC Heap History (10 events):
Event: 13.832 GC heap before
{Heap before GC invocations=12 (full 0):
 PSYoungGen      total 21504K, used 9129K [0x00000000f1600000, 0x00000000f3a00000, 0x0000000100000000)
  eden space 16384K, 41% used [0x00000000f1600000,0x00000000f1cb36e8,0x00000000f2600000)
  from space 5120K, 44% used [0x00000000f2600000,0x00000000f2836d88,0x00000000f2b00000)
  to   space 5120K, 0% used [0x00000000f3500000,0x00000000f3500000,0x00000000f3a00000)
 ParOldGen       total 30208K, used 11402K [0x00000000d4200000, 0x00000000d5f80000, 0x00000000f1600000)
  object space 30208K, 37% used [0x00000000d4200000,0x00000000d4d22878,0x00000000d5f80000)
 Metaspace       used 20838K, capacity 21106K, committed 21248K, reserved 1067008K
  class space    used 2900K, capacity 2998K, committed 3072K, reserved 1048576K
Event: 13.841 GC heap after
Heap after GC invocations=12 (full 0):
 PSYoungGen      total 31744K, used 937K [0x00000000f1600000, 0x00000000f3a00000, 0x0000000100000000)
  eden space 26624K, 0% used [0x00000000f1600000,0x00000000f1600000,0x00000000f3000000)
  from space 5120K, 18% used [0x00000000f3500000,0x00000000f35ea640,0x00000000f3a00000)
  to   space 5120K, 0% used [0x00000000f3000000,0x00000000f3000000,0x00000000f3500000)
 ParOldGen       total 30208K, used 11938K [0x00000000d4200000, 0x00000000d5f80000, 0x00000000f1600000)
  object space 30208K, 39% used [0x00000000d4200000,0x00000000d4da8888,0x00000000d5f80000)
 Metaspace       used 20838K, capacity 21106K, committed 21248K, reserved 1067008K
  class space    used 2900K, capacity 2998K, committed 3072K, reserved 1048576K
}
Event: 13.842 GC heap before
{Heap before GC invocations=13 (full 1):
 PSYoungGen      total 31744K, used 937K [0x00000000f1600000, 0x00000000f3a00000, 0x0000000100000000)
  eden space 26624K, 0% used [0x00000000f1600000,0x00000000f1600000,0x00000000f3000000)
  from space 5120K, 18% used [0x00000000f3500000,0x00000000f35ea640,0x00000000f3a00000)
  to   space 5120K, 0% used [0x00000000f3000000,0x00000000f3000000,0x00000000f3500000)
 ParOldGen       total 30208K, used 11938K [0x00000000d4200000, 0x00000000d5f80000, 0x00000000f1600000)
  object space 30208K, 39% used [0x00000000d4200000,0x00000000d4da8888,0x00000000d5f80000)
 Metaspace       used 20838K, capacity 21106K, committed 21248K, reserved 1067008K
  class space    used 2900K, capacity 2998K, committed 3072K, reserved 1048576K
Event: 14.117 GC heap after
Heap after GC invocations=13 (full 1):
 PSYoungGen      total 31744K, used 0K [0x00000000f1600000, 0x00000000f3a00000, 0x0000000100000000)
  eden space 26624K, 0% used [0x00000000f1600000,0x00000000f1600000,0x00000000f3000000)
  from space 5120K, 0% used [0x00000000f3500000,0x00000000f3500000,0x00000000f3a00000)
  to   space 5120K, 0% used [0x00000000f3000000,0x00000000f3000000,0x00000000f3500000)
 ParOldGen       total 28672K, used 7808K [0x00000000d4200000, 0x00000000d5e00000, 0x00000000f1600000)
  object space 28672K, 27% used [0x00000000d4200000,0x00000000d49a0230,0x00000000d5e00000)
 Metaspace       used 20838K, capacity 21106K, committed 21248K, reserved 1067008K
  class space    used 2900K, capacity 2998K, committed 3072K, reserved 1048576K
}
Event: 15.190 GC heap before
{Heap before GC invocations=14 (full 1):
 PSYoungGen      total 31744K, used 26624K [0x00000000f1600000, 0x00000000f3a00000, 0x0000000100000000)
  eden space 26624K, 100% used [0x00000000f1600000,0x00000000f3000000,0x00000000f3000000)
  from space 5120K, 0% used [0x00000000f3500000,0x00000000f3500000,0x00000000f3a00000)
  to   space 5120K, 0% used [0x00000000f3000000,0x00000000f3000000,0x00000000f3500000)
 ParOldGen       total 28672K, used 7808K [0x00000000d4200000, 0x00000000d5e00000, 0x00000000f1600000)
  object space 28672K, 27% used [0x00000000d4200000,0x00000000d49a0230,0x00000000d5e00000)
 Metaspace       used 22923K, capacity 23274K, committed 23680K, reserved 1069056K
  class space    used 3233K, capacity 3355K, committed 3456K, reserved 1048576K
Event: 15.201 GC heap after
Heap after GC invocations=14 (full 1):
 PSYoungGen      total 31744K, used 2812K [0x00000000f1600000, 0x00000000f4100000, 0x0000000100000000)
  eden space 26624K, 0% used [0x00000000f1600000,0x00000000f1600000,0x00000000f3000000)
  from space 5120K, 54% used [0x00000000f3000000,0x00000000f32bf050,0x00000000f3500000)
  to   space 5120K, 0% used [0x00000000f3c00000,0x00000000f3c00000,0x00000000f4100000)
 ParOldGen       total 28672K, used 7816K [0x00000000d4200000, 0x00000000d5e00000, 0x00000000f1600000)
  object space 28672K, 27% used [0x00000000d4200000,0x00000000d49a2230,0x00000000d5e00000)
 Metaspace       used 22923K, capacity 23274K, committed 23680K, reserved 1069056K
  class space    used 3233K, capacity 3355K, committed 3456K, reserved 1048576K
}
Event: 16.442 GC heap before
{Heap before GC invocations=15 (full 1):
 PSYoungGen      total 31744K, used 29436K [0x00000000f1600000, 0x00000000f4100000, 0x0000000100000000)
  eden space 26624K, 100% used [0x00000000f1600000,0x00000000f3000000,0x00000000f3000000)
  from space 5120K, 54% used [0x00000000f3000000,0x00000000f32bf050,0x00000000f3500000)
  to   space 5120K, 0% used [0x00000000f3c00000,0x00000000f3c00000,0x00000000f4100000)
 ParOldGen       total 28672K, used 7816K [0x00000000d4200000, 0x00000000d5e00000, 0x00000000f1600000)
  object space 28672K, 27% used [0x00000000d4200000,0x00000000d49a2230,0x00000000d5e00000)
 Metaspace       used 25889K, capacity 26316K, committed 26624K, reserved 1073152K
  class space    used 3662K, capacity 3820K, committed 3840K, reserved 1048576K
Event: 16.450 GC heap after
Heap after GC invocations=15 (full 1):
 PSYoungGen      total 37888K, used 3603K [0x00000000f1600000, 0x00000000f4080000, 0x0000000100000000)
  eden space 33280K, 0% used [0x00000000f1600000,0x00000000f1600000,0x00000000f3680000)
  from space 4608K, 78% used [0x00000000f3c00000,0x00000000f3f84c70,0x00000000f4080000)
  to   space 5120K, 0% used [0x00000000f3680000,0x00000000f3680000,0x00000000f3b80000)
 ParOldGen       total 28672K, used 7824K [0x00000000d4200000, 0x00000000d5e00000, 0x00000000f1600000)
  object space 28672K, 27% used [0x00000000d4200000,0x00000000d49a4230,0x00000000d5e00000)
 Metaspace       used 25889K, capacity 26316K, committed 26624K, reserved 1073152K
  class space    used 3662K, capacity 3820K, committed 3840K, reserved 1048576K
}
Event: 22.033 GC heap before
{Heap before GC invocations=16 (full 1):
 PSYoungGen      total 37888K, used 36883K [0x00000000f1600000, 0x00000000f4080000, 0x0000000100000000)
  eden space 33280K, 100% used [0x00000000f1600000,0x00000000f3680000,0x00000000f3680000)
  from space 4608K, 78% used [0x00000000f3c00000,0x00000000f3f84c70,0x00000000f4080000)
  to   space 5120K, 0% used [0x00000000f3680000,0x00000000f3680000,0x00000000f3b80000)
 ParOldGen       total 28672K, used 7824K [0x00000000d4200000, 0x00000000d5e00000, 0x00000000f1600000)
  object space 28672K, 27% used [0x00000000d4200000,0x00000000d49a4230,0x00000000d5e00000)
 Metaspace       used 26989K, capacity 27434K, committed 27776K, reserved 1073152K
  class space    used 3752K, capacity 3890K, committed 3968K, reserved 1048576K
Event: 22.044 GC heap after
Heap after GC invocations=16 (full 1):
 PSYoungGen      total 38400K, used 3577K [0x00000000f1600000, 0x00000000f4780000, 0x0000000100000000)
  eden space 33280K, 0% used [0x00000000f1600000,0x00000000f1600000,0x00000000f3680000)
  from space 5120K, 69% used [0x00000000f3680000,0x00000000f39fe760,0x00000000f3b80000)
  to   space 5120K, 0% used [0x00000000f4280000,0x00000000f4280000,0x00000000f4780000)
 ParOldGen       total 28672K, used 7832K [0x00000000d4200000, 0x00000000d5e00000, 0x00000000f1600000)
  object space 28672K, 27% used [0x00000000d4200000,0x00000000d49a6230,0x00000000d5e00000)
 Metaspace       used 26989K, capacity 27434K, committed 27776K, reserved 1073152K
  class space    used 3752K, capacity 3890K, committed 3968K, reserved 1048576K
}

