# JRE version: Java(TM) SE Runtime Environment (8.0_101-b13) (build 1.8.0_101-b13)
# Java VM: Java HotSpot(TM) 64-Bit Server VM (25.101-b13 mixed mode windows-amd64 compressed oops)
Heap:
 PSYoungGen      total 111616K, used 75465K [0x00000000f1600000, 0x00000000fa300000, 0x0000000100000000)
  eden space 99840K, 63% used [0x00000000f1600000,0x00000000f5438258,0x00000000f7780000)
  from space 11776K, 99% used [0x00000000f7780000,0x00000000f82fa210,0x00000000f8300000)
  to   space 13824K, 0% used [0x00000000f9580000,0x00000000f9580000,0x00000000fa300000)
 ParOldGen       total 56832K, used 21232K [0x00000000d4200000, 0x00000000d7980000, 0x00000000f1600000)
  object space 56832K, 37% used [0x00000000d4200000,0x00000000d56bc170,0x00000000d7980000)
 Metaspace       used 50445K, capacity 51732K, committed 51928K, reserved 1093632K
  class space    used 6945K, capacity 7289K, committed 7384K, reserved 1048576K
GC Heap History (10 events):
Event: 10.342 GC heap before
{Heap before GC invocations=11 (full 1):
 PSYoungGen      total 78848K, used 78684K [0x00000000f1600000, 0x00000000f7800000, 0x0000000100000000)
  eden space 72192K, 100% used [0x00000000f1600000,0x00000000f5c80000,0x00000000f5c80000)
  from space 6656K, 97% used [0x00000000f6c80000,0x00000000f72d7180,0x00000000f7300000)
  to   space 5120K, 0% used [0x00000000f7300000,0x00000000f7300000,0x00000000f7800000)
 ParOldGen       total 35328K, used 12513K [0x00000000d4200000, 0x00000000d6480000, 0x00000000f1600000)
  object space 35328K, 35% used [0x00000000d4200000,0x00000000d4e38488,0x00000000d6480000)
 Metaspace       used 33810K, capacity 34240K, committed 34560K, reserved 1079296K
  class space    used 4627K, capacity 4769K, committed 4864K, reserved 1048576K
Event: 10.372 GC heap after
Heap after GC invocations=11 (full 1):
 PSYoungGen      total 89600K, used 5107K [0x00000000f1600000, 0x00000000f7d80000, 0x0000000100000000)
  eden space 84480K, 0% used [0x00000000f1600000,0x00000000f1600000,0x00000000f6880000)
  from space 5120K, 99% used [0x00000000f7300000,0x00000000f77fcca0,0x00000000f7800000)
  to   space 10752K, 0% used [0x00000000f6880000,0x00000000f6880000,0x00000000f7300000)
 ParOldGen       total 35328K, used 18238K [0x00000000d4200000, 0x00000000d6480000, 0x00000000f1600000)
  object space 35328K, 51% used [0x00000000d4200000,0x00000000d53cfa10,0x00000000d6480000)
 Metaspace       used 33810K, capacity 34240K, committed 34560K, reserved 1079296K
  class space    used 4627K, capacity 4769K, committed 4864K, reserved 1048576K
}
Event: 11.276 GC heap before
{Heap before GC invocations=12 (full 1):
 PSYoungGen      total 89600K, used 38748K [0x00000000f1600000, 0x00000000f7d80000, 0x0000000100000000)
  eden space 84480K, 39% used [0x00000000f1600000,0x00000000f36da4c0,0x00000000f6880000)
  from space 5120K, 99% used [0x00000000f7300000,0x00000000f77fcca0,0x00000000f7800000)
  to   space 10752K, 0% used [0x00000000f6880000,0x00000000f6880000,0x00000000f7300000)
 ParOldGen       total 35328K, used 18238K [0x00000000d4200000, 0x00000000d6480000, 0x00000000f1600000)
  object space 35328K, 51% used [0x00000000d4200000,0x00000000d53cfa10,0x00000000d6480000)
 Metaspace       used 34527K, capacity 35094K, committed 35416K, reserved 1079296K
  class space    used 4743K, capacity 4926K, committed 4952K, reserved 1048576K
Event: 11.324 GC heap after
Heap after GC invocations=12 (full 1):
 PSYoungGen      total 95232K, used 10093K [0x00000000f1600000, 0x00000000f9180000, 0x0000000100000000)
  eden space 84480K, 0% used [0x00000000f1600000,0x00000000f1600000,0x00000000f6880000)
  from space 10752K, 93% used [0x00000000f6880000,0x00000000f725b580,0x00000000f7300000)
  to   space 12288K, 0% used [0x00000000f8580000,0x00000000f8580000,0x00000000f9180000)
 ParOldGen       total 35328K, used 18246K [0x00000000d4200000, 0x00000000d6480000, 0x00000000f1600000)
  object space 35328K, 51% used [0x00000000d4200000,0x00000000d53d1a10,0x00000000d6480000)
 Metaspace       used 34527K, capacity 35094K, committed 35416K, reserved 1079296K
  class space    used 4743K, capacity 4926K, committed 4952K, reserved 1048576K
}
Event: 11.324 GC heap before
{Heap before GC invocations=13 (full 2):
 PSYoungGen      total 95232K, used 10093K [0x00000000f1600000, 0x00000000f9180000, 0x0000000100000000)
  eden space 84480K, 0% used [0x00000000f1600000,0x00000000f1600000,0x00000000f6880000)
  from space 10752K, 93% used [0x00000000f6880000,0x00000000f725b580,0x00000000f7300000)
  to   space 12288K, 0% used [0x00000000f8580000,0x00000000f8580000,0x00000000f9180000)
 ParOldGen       total 35328K, used 18246K [0x00000000d4200000, 0x00000000d6480000, 0x00000000f1600000)
  object space 35328K, 51% used [0x00000000d4200000,0x00000000d53d1a10,0x00000000d6480000)
 Metaspace       used 34527K, capacity 35094K, committed 35416K, reserved 1079296K
  class space    used 4743K, capacity 4926K, committed 4952K, reserved 1048576K
Event: 11.664 GC heap after
Heap after GC invocations=13 (full 2):
 PSYoungGen      total 95232K, used 0K [0x00000000f1600000, 0x00000000f9180000, 0x0000000100000000)
  eden space 84480K, 0% used [0x00000000f1600000,0x00000000f1600000,0x00000000f6880000)
  from space 10752K, 0% used [0x00000000f6880000,0x00000000f6880000,0x00000000f7300000)
  to   space 12288K, 0% used [0x00000000f8580000,0x00000000f8580000,0x00000000f9180000)
 ParOldGen       total 56832K, used 19350K [0x00000000d4200000, 0x00000000d7980000, 0x00000000f1600000)
  object space 56832K, 34% used [0x00000000d4200000,0x00000000d54e58b8,0x00000000d7980000)
 Metaspace       used 34527K, capacity 35094K, committed 35416K, reserved 1079296K
  class space    used 4743K, capacity 4926K, committed 4952K, reserved 1048576K
}
Event: 14.479 GC heap before
{Heap before GC invocations=14 (full 2):
 PSYoungGen      total 95232K, used 84480K [0x00000000f1600000, 0x00000000f9180000, 0x0000000100000000)
  eden space 84480K, 100% used [0x00000000f1600000,0x00000000f6880000,0x00000000f6880000)
  from space 10752K, 0% used [0x00000000f6880000,0x00000000f6880000,0x00000000f7300000)
  to   space 12288K, 0% used [0x00000000f8580000,0x00000000f8580000,0x00000000f9180000)
 ParOldGen       total 56832K, used 19350K [0x00000000d4200000, 0x00000000d7980000, 0x00000000f1600000)
  object space 56832K, 34% used [0x00000000d4200000,0x00000000d54e58b8,0x00000000d7980000)
 Metaspace       used 41858K, capacity 42616K, committed 42968K, reserved 1085440K
  class space    used 5781K, capacity 5997K, committed 6104K, reserved 1048576K
Event: 14.493 GC heap after
Heap after GC invocations=14 (full 2):
 PSYoungGen      total 109056K, used 6284K [0x00000000f1600000, 0x00000000f8e80000, 0x0000000100000000)
  eden space 99840K, 0% used [0x00000000f1600000,0x00000000f1600000,0x00000000f7780000)
  from space 9216K, 68% used [0x00000000f8580000,0x00000000f8ba3180,0x00000000f8e80000)
  to   space 11776K, 0% used [0x00000000f7780000,0x00000000f7780000,0x00000000f8300000)
 ParOldGen       total 56832K, used 19422K [0x00000000d4200000, 0x00000000d7980000, 0x00000000f1600000)
  object space 56832K, 34% used [0x00000000d4200000,0x00000000d54f78c8,0x00000000d7980000)
 Metaspace       used 41858K, capacity 42616K, committed 42968K, reserved 1085440K
  class space    used 5781K, capacity 5997K, committed 6104K, reserved 1048576K
}
Event: 17.236 GC heap before
{Heap before GC invocations=15 (full 2):
 PSYoungGen      total 109056K, used 106124K [0x00000000f1600000, 0x00000000f8e80000, 0x0000000100000000)
  eden space 99840K, 100% used [0x00000000f1600000,0x00000000f7780000,0x00000000f7780000)
  from space 9216K, 68% used [0x00000000f8580000,0x00000000f8ba3180,0x00000000f8e80000)
  to   space 11776K, 0% used [0x00000000f7780000,0x00000000f7780000,0x00000000f8300000)
 ParOldGen       total 56832K, used 19422K [0x00000000d4200000, 0x00000000d7980000, 0x00000000f1600000)
  object space 56832K, 34% used [0x00000000d4200000,0x00000000d54f78c8,0x00000000d7980000)
 Metaspace       used 46815K, capacity 48086K, committed 48216K, reserved 1091584K
  class space    used 6521K, capacity 6882K, committed 7000K, reserved 1048576K
Event: 17.282 GC heap after
Heap after GC invocations=15 (full 2):
 PSYoungGen      total 111616K, used 11752K [0x00000000f1600000, 0x00000000fa300000, 0x0000000100000000)
  eden space 99840K, 0% used [0x00000000f1600000,0x00000000f1600000,0x00000000f7780000)
  from space 11776K, 99% used [0x00000000f7780000,0x00000000f82fa210,0x00000000f8300000)
  to   space 13824K, 0% used [0x00000000f9580000,0x00000000f9580000,0x00000000fa300000)
 ParOldGen       total 56832K, used 21232K [0x00000000d4200000, 0x00000000d7980000, 0x00000000f1600000)
  object space 56832K, 37% used [0x00000000d4200000,0x00000000d56bc170,0x00000000d7980000)
 Metaspace       used 46815K, capacity 48086K, committed 48216K, reserved 1091584K
  class space    used 6521K, capacity 6882K, committed 7000K, reserved 1048576K
}

