# JRE version: Java(TM) SE Runtime Environment (8.0_101-b13) (build 1.8.0_101-b13)
# Java VM: Java HotSpot(TM) 64-Bit Server VM (25.101-b13 mixed mode windows-amd64 compressed oops)
Heap:
 PSYoungGen      total 13312K, used 7368K [0x00000000f1600000, 0x00000000f2480000, 0x0000000100000000)
  eden space 11776K, 49% used [0x00000000f1600000,0x00000000f1bb6090,0x00000000f2180000)
  from space 1536K, 98% used [0x00000000f2180000,0x00000000f22fc050,0x00000000f2300000)
  to   space 1536K, 0% used [0x00000000f2300000,0x00000000f2300000,0x00000000f2480000)
 ParOldGen       total 30208K, used 3109K [0x00000000d4200000, 0x00000000d5f80000, 0x00000000f1600000)
  object space 30208K, 10% used [0x00000000d4200000,0x00000000d45094f8,0x00000000d5f80000)
 Metaspace       used 8434K, capacity 8696K, committed 8960K, reserved 1058816K
  class space    used 1128K, capacity 1192K, committed 1280K, reserved 1048576K
GC Heap History (6 events):
Event: 1.307 GC heap before
{Heap before GC invocations=1 (full 0):
 PSYoungGen      total 13312K, used 11776K [0x00000000f1600000, 0x00000000f2480000, 0x0000000100000000)
  eden space 11776K, 100% used [0x00000000f1600000,0x00000000f2180000,0x00000000f2180000)
  from space 1536K, 0% used [0x00000000f2300000,0x00000000f2300000,0x00000000f2480000)
  to   space 1536K, 0% used [0x00000000f2180000,0x00000000f2180000,0x00000000f2300000)
 ParOldGen       total 30208K, used 0K [0x00000000d4200000, 0x00000000d5f80000, 0x00000000f1600000)
  object space 30208K, 0% used [0x00000000d4200000,0x00000000d4200000,0x00000000d5f80000)
 Metaspace       used 5399K, capacity 5808K, committed 5888K, reserved 1056768K
  class space    used 698K, capacity 768K, committed 768K, reserved 1048576K
Event: 1.312 GC heap after
Heap after GC invocations=1 (full 0):
 PSYoungGen      total 13312K, used 1506K [0x00000000f1600000, 0x00000000f2480000, 0x0000000100000000)
  eden space 11776K, 0% used [0x00000000f1600000,0x00000000f1600000,0x00000000f2180000)
  from space 1536K, 98% used [0x00000000f2180000,0x00000000f22f8ae0,0x00000000f2300000)
  to   space 1536K, 0% used [0x00000000f2300000,0x00000000f2300000,0x00000000f2480000)
 ParOldGen       total 30208K, used 784K [0x00000000d4200000, 0x00000000d5f80000, 0x00000000f1600000)
  object space 30208K, 2% used [0x00000000d4200000,0x00000000d42c4010,0x00000000d5f80000)
 Metaspace       used 5399K, capacity 5808K, committed 5888K, reserved 1056768K
  class space    used 698K, capacity 768K, committed 768K, reserved 1048576K
}
Event: 2.336 GC heap before
{Heap before GC invocations=2 (full 0):
 PSYoungGen      total 13312K, used 13278K [0x00000000f1600000, 0x00000000f2480000, 0x0000000100000000)
  eden space 11776K, 99% used [0x00000000f1600000,0x00000000f217ee60,0x00000000f2180000)
  from space 1536K, 98% used [0x00000000f2180000,0x00000000f22f8ae0,0x00000000f2300000)
  to   space 1536K, 0% used [0x00000000f2300000,0x00000000f2300000,0x00000000f2480000)
 ParOldGen       total 30208K, used 784K [0x00000000d4200000, 0x00000000d5f80000, 0x00000000f1600000)
  object space 30208K, 2% used [0x00000000d4200000,0x00000000d42c4010,0x00000000d5f80000)
 Metaspace       used 8061K, capacity 8256K, committed 8320K, reserved 1058816K
  class space    used 1079K, capacity 1152K, committed 1152K, reserved 1048576K
Event: 2.343 GC heap after
Heap after GC invocations=2 (full 0):
 PSYoungGen      total 13312K, used 1504K [0x00000000f1600000, 0x00000000f2480000, 0x0000000100000000)
  eden space 11776K, 0% used [0x00000000f1600000,0x00000000f1600000,0x00000000f2180000)
  from space 1536K, 97% used [0x00000000f2300000,0x00000000f2478020,0x00000000f2480000)
  to   space 1536K, 0% used [0x00000000f2180000,0x00000000f2180000,0x00000000f2300000)
 ParOldGen       total 30208K, used 2529K [0x00000000d4200000, 0x00000000d5f80000, 0x00000000f1600000)
  object space 30208K, 8% used [0x00000000d4200000,0x00000000d44785c8,0x00000000d5f80000)
 Metaspace       used 8061K, capacity 8256K, committed 8320K, reserved 1058816K
  class space    used 1079K, capacity 1152K, committed 1152K, reserved 1048576K
}
Event: 2.769 GC heap before
{Heap before GC invocations=3 (full 0):
 PSYoungGen      total 13312K, used 13280K [0x00000000f1600000, 0x00000000f2480000, 0x0000000100000000)
  eden space 11776K, 100% used [0x00000000f1600000,0x00000000f2180000,0x00000000f2180000)
  from space 1536K, 97% used [0x00000000f2300000,0x00000000f2478020,0x00000000f2480000)
  to   space 1536K, 0% used [0x00000000f2180000,0x00000000f2180000,0x00000000f2300000)
 ParOldGen       total 30208K, used 2529K [0x00000000d4200000, 0x00000000d5f80000, 0x00000000f1600000)
  object space 30208K, 8% used [0x00000000d4200000,0x00000000d44785c8,0x00000000d5f80000)
 Metaspace       used 8341K, capacity 8544K, committed 8704K, reserved 1058816K
  class space    used 1117K, capacity 1184K, committed 1280K, reserved 1048576K
Event: 2.774 GC heap after
Heap after GC invocations=3 (full 0):
 PSYoungGen      total 13312K, used 1520K [0x00000000f1600000, 0x00000000f2480000, 0x0000000100000000)
  eden space 11776K, 0% used [0x00000000f1600000,0x00000000f1600000,0x00000000f2180000)
  from space 1536K, 98% used [0x00000000f2180000,0x00000000f22fc050,0x00000000f2300000)
  to   space 1536K, 0% used [0x00000000f2300000,0x00000000f2300000,0x00000000f2480000)
 ParOldGen       total 30208K, used 3109K [0x00000000d4200000, 0x00000000d5f80000, 0x00000000f1600000)
  object space 30208K, 10% used [0x00000000d4200000,0x00000000d45094f8,0x00000000d5f80000)
 Metaspace       used 8341K, capacity 8544K, committed 8704K, reserved 1058816K
  class space    used 1117K, capacity 1184K, committed 1280K, reserved 1048576K
}

