# JRE version: Java(TM) SE Runtime Environment (8.0_101-b13) (build 1.8.0_101-b13)
# Java VM: Java HotSpot(TM) 64-Bit Server VM (25.101-b13 mixed mode windows-amd64 compressed oops)
Heap:
 PSYoungGen      total 13312K, used 5258K [0x00000000f1600000, 0x00000000f2480000, 0x0000000100000000)
  eden space 11776K, 31% used [0x00000000f1600000,0x00000000f19a2878,0x00000000f2180000)
  from space 1536K, 100% used [0x00000000f2180000,0x00000000f2300000,0x00000000f2300000)
  to   space 1536K, 0% used [0x00000000f2300000,0x00000000f2300000,0x00000000f2480000)
 ParOldGen       total 21504K, used 7208K [0x00000000d4200000, 0x00000000d5700000, 0x00000000f1600000)
  object space 21504K, 33% used [0x00000000d4200000,0x00000000d490a2e0,0x00000000d5700000)
 Metaspace       used 17044K, capacity 17290K, committed 17664K, reserved 1064960K
  class space    used 2373K, capacity 2476K, committed 2560K, reserved 1048576K
GC Heap History (10 events):
Event: 8.833 GC heap before
{Heap before GC invocations=6 (full 0):
 PSYoungGen      total 13312K, used 13236K [0x00000000f1600000, 0x00000000f2480000, 0x0000000100000000)
  eden space 11776K, 99% used [0x00000000f1600000,0x00000000f21750e8,0x00000000f2180000)
  from space 1536K, 97% used [0x00000000f2180000,0x00000000f22f8020,0x00000000f2300000)
  to   space 1536K, 0% used [0x00000000f2300000,0x00000000f2300000,0x00000000f2480000)
 ParOldGen       total 30208K, used 5584K [0x00000000d4200000, 0x00000000d5f80000, 0x00000000f1600000)
  object space 30208K, 18% used [0x00000000d4200000,0x00000000d4774098,0x00000000d5f80000)
 Metaspace       used 12070K, capacity 12280K, committed 12544K, reserved 1060864K
  class space    used 1687K, capacity 1768K, committed 1792K, reserved 1048576K
Event: 8.841 GC heap after
Heap after GC invocations=6 (full 0):
 PSYoungGen      total 13312K, used 1520K [0x00000000f1600000, 0x00000000f2480000, 0x0000000100000000)
  eden space 11776K, 0% used [0x00000000f1600000,0x00000000f1600000,0x00000000f2180000)
  from space 1536K, 98% used [0x00000000f2300000,0x00000000f247c030,0x00000000f2480000)
  to   space 1536K, 0% used [0x00000000f2180000,0x00000000f2180000,0x00000000f2300000)
 ParOldGen       total 30208K, used 8116K [0x00000000d4200000, 0x00000000d5f80000, 0x00000000f1600000)
  object space 30208K, 26% used [0x00000000d4200000,0x00000000d49ed008,0x00000000d5f80000)
 Metaspace       used 12070K, capacity 12280K, committed 12544K, reserved 1060864K
  class space    used 1687K, capacity 1768K, committed 1792K, reserved 1048576K
}
Event: 8.907 GC heap before
{Heap before GC invocations=7 (full 0):
 PSYoungGen      total 13312K, used 2720K [0x00000000f1600000, 0x00000000f2480000, 0x0000000100000000)
  eden space 11776K, 10% used [0x00000000f1600000,0x00000000f172c218,0x00000000f2180000)
  from space 1536K, 98% used [0x00000000f2300000,0x00000000f247c030,0x00000000f2480000)
  to   space 1536K, 0% used [0x00000000f2180000,0x00000000f2180000,0x00000000f2300000)
 ParOldGen       total 30208K, used 8116K [0x00000000d4200000, 0x00000000d5f80000, 0x00000000f1600000)
  object space 30208K, 26% used [0x00000000d4200000,0x00000000d49ed008,0x00000000d5f80000)
 Metaspace       used 12565K, capacity 12760K, committed 12928K, reserved 1064960K
  class space    used 1711K, capacity 1800K, committed 1920K, reserved 1048576K
Event: 8.924 GC heap after
Heap after GC invocations=7 (full 0):
 PSYoungGen      total 13312K, used 1024K [0x00000000f1600000, 0x00000000f2480000, 0x0000000100000000)
  eden space 11776K, 0% used [0x00000000f1600000,0x00000000f1600000,0x00000000f2180000)
  from space 1536K, 66% used [0x00000000f2180000,0x00000000f2280328,0x00000000f2300000)
  to   space 1536K, 0% used [0x00000000f2300000,0x00000000f2300000,0x00000000f2480000)
 ParOldGen       total 30208K, used 8800K [0x00000000d4200000, 0x00000000d5f80000, 0x00000000f1600000)
  object space 30208K, 29% used [0x00000000d4200000,0x00000000d4a980e8,0x00000000d5f80000)
 Metaspace       used 12565K, capacity 12760K, committed 12928K, reserved 1064960K
  class space    used 1711K, capacity 1800K, committed 1920K, reserved 1048576K
}
Event: 8.924 GC heap before
{Heap before GC invocations=8 (full 1):
 PSYoungGen      total 13312K, used 1024K [0x00000000f1600000, 0x00000000f2480000, 0x0000000100000000)
  eden space 11776K, 0% used [0x00000000f1600000,0x00000000f1600000,0x00000000f2180000)
  from space 1536K, 66% used [0x00000000f2180000,0x00000000f2280328,0x00000000f2300000)
  to   space 1536K, 0% used [0x00000000f2300000,0x00000000f2300000,0x00000000f2480000)
 ParOldGen       total 30208K, used 8800K [0x00000000d4200000, 0x00000000d5f80000, 0x00000000f1600000)
  object space 30208K, 29% used [0x00000000d4200000,0x00000000d4a980e8,0x00000000d5f80000)
 Metaspace       used 12565K, capacity 12760K, committed 12928K, reserved 1064960K
  class space    used 1711K, capacity 1800K, committed 1920K, reserved 1048576K
Event: 9.041 GC heap after
Heap after GC invocations=8 (full 1):
 PSYoungGen      total 13312K, used 0K [0x00000000f1600000, 0x00000000f2480000, 0x0000000100000000)
  eden space 11776K, 0% used [0x00000000f1600000,0x00000000f1600000,0x00000000f2180000)
  from space 1536K, 0% used [0x00000000f2180000,0x00000000f2180000,0x00000000f2300000)
  to   space 1536K, 0% used [0x00000000f2300000,0x00000000f2300000,0x00000000f2480000)
 ParOldGen       total 21504K, used 4370K [0x00000000d4200000, 0x00000000d5700000, 0x00000000f1600000)
  object space 21504K, 20% used [0x00000000d4200000,0x00000000d4644bc8,0x00000000d5700000)
 Metaspace       used 12565K, capacity 12760K, committed 12928K, reserved 1062912K
  class space    used 1711K, capacity 1800K, committed 1920K, reserved 1048576K
}
Event: 10.097 GC heap before
{Heap before GC invocations=9 (full 1):
 PSYoungGen      total 13312K, used 11776K [0x00000000f1600000, 0x00000000f2480000, 0x0000000100000000)
  eden space 11776K, 100% used [0x00000000f1600000,0x00000000f2180000,0x00000000f2180000)
  from space 1536K, 0% used [0x00000000f2180000,0x00000000f2180000,0x00000000f2300000)
  to   space 1536K, 0% used [0x00000000f2300000,0x00000000f2300000,0x00000000f2480000)
 ParOldGen       total 21504K, used 4370K [0x00000000d4200000, 0x00000000d5700000, 0x00000000f1600000)
  object space 21504K, 20% used [0x00000000d4200000,0x00000000d4644bc8,0x00000000d5700000)
 Metaspace       used 15187K, capacity 15448K, committed 15616K, reserved 1064960K
  class space    used 2089K, capacity 2184K, committed 2304K, reserved 1048576K
Event: 10.104 GC heap after
Heap after GC invocations=9 (full 1):
 PSYoungGen      total 13312K, used 1536K [0x00000000f1600000, 0x00000000f2480000, 0x0000000100000000)
  eden space 11776K, 0% used [0x00000000f1600000,0x00000000f1600000,0x00000000f2180000)
  from space 1536K, 100% used [0x00000000f2300000,0x00000000f2480000,0x00000000f2480000)
  to   space 1536K, 0% used [0x00000000f2180000,0x00000000f2180000,0x00000000f2300000)
 ParOldGen       total 21504K, used 5603K [0x00000000d4200000, 0x00000000d5700000, 0x00000000f1600000)
  object space 21504K, 26% used [0x00000000d4200000,0x00000000d4778f88,0x00000000d5700000)
 Metaspace       used 15187K, capacity 15448K, committed 15616K, reserved 1064960K
  class space    used 2089K, capacity 2184K, committed 2304K, reserved 1048576K
}
Event: 11.383 GC heap before
{Heap before GC invocations=10 (full 1):
 PSYoungGen      total 13312K, used 13312K [0x00000000f1600000, 0x00000000f2480000, 0x0000000100000000)
  eden space 11776K, 100% used [0x00000000f1600000,0x00000000f2180000,0x00000000f2180000)
  from space 1536K, 100% used [0x00000000f2300000,0x00000000f2480000,0x00000000f2480000)
  to   space 1536K, 0% used [0x00000000f2180000,0x00000000f2180000,0x00000000f2300000)
 ParOldGen       total 21504K, used 5603K [0x00000000d4200000, 0x00000000d5700000, 0x00000000f1600000)
  object space 21504K, 26% used [0x00000000d4200000,0x00000000d4778f88,0x00000000d5700000)
 Metaspace       used 16931K, capacity 17194K, committed 17408K, reserved 1064960K
  class space    used 2362K, capacity 2444K, committed 2560K, reserved 1048576K
Event: 11.391 GC heap after
Heap after GC invocations=10 (full 1):
 PSYoungGen      total 13312K, used 1536K [0x00000000f1600000, 0x00000000f2480000, 0x0000000100000000)
  eden space 11776K, 0% used [0x00000000f1600000,0x00000000f1600000,0x00000000f2180000)
  from space 1536K, 100% used [0x00000000f2180000,0x00000000f2300000,0x00000000f2300000)
  to   space 1536K, 0% used [0x00000000f2300000,0x00000000f2300000,0x00000000f2480000)
 ParOldGen       total 21504K, used 7208K [0x00000000d4200000, 0x00000000d5700000, 0x00000000f1600000)
  object space 21504K, 33% used [0x00000000d4200000,0x00000000d490a2e0,0x00000000d5700000)
 Metaspace       used 16931K, capacity 17194K, committed 17408K, reserved 1064960K
  class space    used 2362K, capacity 2444K, committed 2560K, reserved 1048576K
}

