# JRE version: Java(TM) SE Runtime Environment (8.0_101-b13) (build 1.8.0_101-b13)
# Java VM: Java HotSpot(TM) 64-Bit Server VM (25.101-b13 mixed mode windows-amd64 compressed oops)
Heap:
 PSYoungGen      total 15360K, used 6464K [0x00000000f1600000, 0x00000000f2a80000, 0x0000000100000000)
  eden space 10752K, 22% used [0x00000000f1600000,0x00000000f1868078,0x00000000f2080000)
  from space 4608K, 86% used [0x00000000f2080000,0x00000000f2468080,0x00000000f2500000)
  to   space 3584K, 0% used [0x00000000f2500000,0x00000000f2500000,0x00000000f2880000)
 ParOldGen       total 30208K, used 7028K [0x00000000d4200000, 0x00000000d5f80000, 0x00000000f1600000)
  object space 30208K, 23% used [0x00000000d4200000,0x00000000d48dd298,0x00000000d5f80000)
 Metaspace       used 15224K, capacity 15448K, committed 15616K, reserved 1062912K
  class space    used 2090K, capacity 2184K, committed 2304K, reserved 1048576K
GC Heap History (10 events):
Event: 8.441 GC heap before
{Heap before GC invocations=3 (full 0):
 PSYoungGen      total 13312K, used 13296K [0x00000000f1600000, 0x00000000f2480000, 0x0000000100000000)
  eden space 11776K, 100% used [0x00000000f1600000,0x00000000f2180000,0x00000000f2180000)
  from space 1536K, 98% used [0x00000000f2300000,0x00000000f247c030,0x00000000f2480000)
  to   space 1536K, 0% used [0x00000000f2180000,0x00000000f2180000,0x00000000f2300000)
 ParOldGen       total 30208K, used 2481K [0x00000000d4200000, 0x00000000d5f80000, 0x00000000f1600000)
  object space 30208K, 8% used [0x00000000d4200000,0x00000000d446c7f0,0x00000000d5f80000)
 Metaspace       used 8343K, capacity 8544K, committed 8704K, reserved 1056768K
  class space    used 1117K, capacity 1184K, committed 1280K, reserved 1048576K
Event: 8.446 GC heap after
Heap after GC invocations=3 (full 0):
 PSYoungGen      total 13312K, used 1504K [0x00000000f1600000, 0x00000000f2480000, 0x0000000100000000)
  eden space 11776K, 0% used [0x00000000f1600000,0x00000000f1600000,0x00000000f2180000)
  from space 1536K, 97% used [0x00000000f2180000,0x00000000f22f8020,0x00000000f2300000)
  to   space 1536K, 0% used [0x00000000f2300000,0x00000000f2300000,0x00000000f2480000)
 ParOldGen       total 30208K, used 3077K [0x00000000d4200000, 0x00000000d5f80000, 0x00000000f1600000)
  object space 30208K, 10% used [0x00000000d4200000,0x00000000d4501720,0x00000000d5f80000)
 Metaspace       used 8343K, capacity 8544K, committed 8704K, reserved 1056768K
  class space    used 1117K, capacity 1184K, committed 1280K, reserved 1048576K
}
Event: 10.260 GC heap before
{Heap before GC invocations=4 (full 0):
 PSYoungGen      total 13312K, used 13280K [0x00000000f1600000, 0x00000000f2480000, 0x0000000100000000)
  eden space 11776K, 100% used [0x00000000f1600000,0x00000000f2180000,0x00000000f2180000)
  from space 1536K, 97% used [0x00000000f2180000,0x00000000f22f8020,0x00000000f2300000)
  to   space 1536K, 0% used [0x00000000f2300000,0x00000000f2300000,0x00000000f2480000)
 ParOldGen       total 30208K, used 3077K [0x00000000d4200000, 0x00000000d5f80000, 0x00000000f1600000)
  object space 30208K, 10% used [0x00000000d4200000,0x00000000d4501720,0x00000000d5f80000)
 Metaspace       used 8604K, capacity 8824K, committed 8960K, reserved 1056768K
  class space    used 1169K, capacity 1256K, committed 1280K, reserved 1048576K
Event: 10.265 GC heap after
Heap after GC invocations=4 (full 0):
 PSYoungGen      total 13312K, used 1520K [0x00000000f1600000, 0x00000000f2480000, 0x0000000100000000)
  eden space 11776K, 0% used [0x00000000f1600000,0x00000000f1600000,0x00000000f2180000)
  from space 1536K, 98% used [0x00000000f2300000,0x00000000f247c010,0x00000000f2480000)
  to   space 1536K, 0% used [0x00000000f2180000,0x00000000f2180000,0x00000000f2300000)
 ParOldGen       total 30208K, used 4060K [0x00000000d4200000, 0x00000000d5f80000, 0x00000000f1600000)
  object space 30208K, 13% used [0x00000000d4200000,0x00000000d45f7178,0x00000000d5f80000)
 Metaspace       used 8604K, capacity 8824K, committed 8960K, reserved 1056768K
  class space    used 1169K, capacity 1256K, committed 1280K, reserved 1048576K
}
Event: 11.098 GC heap before
{Heap before GC invocations=5 (full 0):
 PSYoungGen      total 13312K, used 13296K [0x00000000f1600000, 0x00000000f2480000, 0x0000000100000000)
  eden space 11776K, 100% used [0x00000000f1600000,0x00000000f2180000,0x00000000f2180000)
  from space 1536K, 98% used [0x00000000f2300000,0x00000000f247c010,0x00000000f2480000)
  to   space 1536K, 0% used [0x00000000f2180000,0x00000000f2180000,0x00000000f2300000)
 ParOldGen       total 30208K, used 4060K [0x00000000d4200000, 0x00000000d5f80000, 0x00000000f1600000)
  object space 30208K, 13% used [0x00000000d4200000,0x00000000d45f7178,0x00000000d5f80000)
 Metaspace       used 10121K, capacity 10392K, committed 10496K, reserved 1058816K
  class space    used 1410K, capacity 1480K, committed 1536K, reserved 1048576K
Event: 11.112 GC heap after
Heap after GC invocations=5 (full 0):
 PSYoungGen      total 13312K, used 1504K [0x00000000f1600000, 0x00000000f2880000, 0x0000000100000000)
  eden space 11776K, 0% used [0x00000000f1600000,0x00000000f1600000,0x00000000f2180000)
  from space 1536K, 97% used [0x00000000f2180000,0x00000000f22f8020,0x00000000f2300000)
  to   space 3584K, 0% used [0x00000000f2500000,0x00000000f2500000,0x00000000f2880000)
 ParOldGen       total 30208K, used 5553K [0x00000000d4200000, 0x00000000d5f80000, 0x00000000f1600000)
  object space 30208K, 18% used [0x00000000d4200000,0x00000000d476c600,0x00000000d5f80000)
 Metaspace       used 10121K, capacity 10392K, committed 10496K, reserved 1058816K
  class space    used 1410K, capacity 1480K, committed 1536K, reserved 1048576K
}
Event: 12.268 GC heap before
{Heap before GC invocations=6 (full 0):
 PSYoungGen      total 13312K, used 13263K [0x00000000f1600000, 0x00000000f2880000, 0x0000000100000000)
  eden space 11776K, 99% used [0x00000000f1600000,0x00000000f217be20,0x00000000f2180000)
  from space 1536K, 97% used [0x00000000f2180000,0x00000000f22f8020,0x00000000f2300000)
  to   space 3584K, 0% used [0x00000000f2500000,0x00000000f2500000,0x00000000f2880000)
 ParOldGen       total 30208K, used 5553K [0x00000000d4200000, 0x00000000d5f80000, 0x00000000f1600000)
  object space 30208K, 18% used [0x00000000d4200000,0x00000000d476c600,0x00000000d5f80000)
 Metaspace       used 12060K, capacity 12280K, committed 12544K, reserved 1060864K
  class space    used 1687K, capacity 1768K, committed 1792K, reserved 1048576K
Event: 12.278 GC heap after
Heap after GC invocations=6 (full 0):
 PSYoungGen      total 14336K, used 3582K [0x00000000f1600000, 0x00000000f2a80000, 0x0000000100000000)
  eden space 10752K, 0% used [0x00000000f1600000,0x00000000f1600000,0x00000000f2080000)
  from space 3584K, 99% used [0x00000000f2500000,0x00000000f287fbe8,0x00000000f2880000)
  to   space 4608K, 0% used [0x00000000f2080000,0x00000000f2080000,0x00000000f2500000)
 ParOldGen       total 30208K, used 6084K [0x00000000d4200000, 0x00000000d5f80000, 0x00000000f1600000)
  object space 30208K, 20% used [0x00000000d4200000,0x00000000d47f1158,0x00000000d5f80000)
 Metaspace       used 12060K, capacity 12280K, committed 12544K, reserved 1060864K
  class space    used 1687K, capacity 1768K, committed 1792K, reserved 1048576K
}
Event: 13.542 GC heap before
{Heap before GC invocations=7 (full 0):
 PSYoungGen      total 14336K, used 14334K [0x00000000f1600000, 0x00000000f2a80000, 0x0000000100000000)
  eden space 10752K, 100% used [0x00000000f1600000,0x00000000f2080000,0x00000000f2080000)
  from space 3584K, 99% used [0x00000000f2500000,0x00000000f287fbe8,0x00000000f2880000)
  to   space 4608K, 0% used [0x00000000f2080000,0x00000000f2080000,0x00000000f2500000)
 ParOldGen       total 30208K, used 6084K [0x00000000d4200000, 0x00000000d5f80000, 0x00000000f1600000)
  object space 30208K, 20% used [0x00000000d4200000,0x00000000d47f1158,0x00000000d5f80000)
 Metaspace       used 14954K, capacity 15192K, committed 15488K, reserved 1062912K
  class space    used 2041K, capacity 2120K, committed 2176K, reserved 1048576K
Event: 13.568 GC heap after
Heap after GC invocations=7 (full 0):
 PSYoungGen      total 15360K, used 4000K [0x00000000f1600000, 0x00000000f2a80000, 0x0000000100000000)
  eden space 10752K, 0% used [0x00000000f1600000,0x00000000f1600000,0x00000000f2080000)
  from space 4608K, 86% used [0x00000000f2080000,0x00000000f2468080,0x00000000f2500000)
  to   space 3584K, 0% used [0x00000000f2500000,0x00000000f2500000,0x00000000f2880000)
 ParOldGen       total 30208K, used 7028K [0x00000000d4200000, 0x00000000d5f80000, 0x00000000f1600000)
  object space 30208K, 23% used [0x00000000d4200000,0x00000000d48dd298,0x00000000d5f80000)
 Metaspace       used 14954K, capacity 15192K, committed 15488K, reserved 1062912K
  class space    used 2041K, capacity 2120K, committed 2176K, reserved 1048576K
}

