# JRE version: Java(TM) SE Runtime Environment (8.0_101-b13) (build 1.8.0_101-b13)
# Java VM: Java HotSpot(TM) 64-Bit Server VM (25.101-b13 mixed mode windows-amd64 compressed oops)
Heap:
 PSYoungGen      total 51200K, used 30298K [0x00000000f1600000, 0x00000000f5780000, 0x0000000100000000)
  eden space 44032K, 58% used [0x00000000f1600000,0x00000000f2f291f8,0x00000000f4100000)
  from space 7168K, 63% used [0x00000000f4100000,0x00000000f456d7a0,0x00000000f4800000)
  to   space 7168K, 0% used [0x00000000f5080000,0x00000000f5080000,0x00000000f5780000)
 ParOldGen       total 31232K, used 9799K [0x00000000d4200000, 0x00000000d6080000, 0x00000000f1600000)
  object space 31232K, 31% used [0x00000000d4200000,0x00000000d4b91ec8,0x00000000d6080000)
 Metaspace       used 29851K, capacity 30322K, committed 30720K, reserved 1075200K
  class space    used 4116K, capacity 4280K, committed 4352K, reserved 1048576K
GC Heap History (10 events):
Event: 6.325 GC heap before
{Heap before GC invocations=8 (full 0):
 PSYoungGen      total 27136K, used 27114K [0x00000000f1600000, 0x00000000f4e00000, 0x0000000100000000)
  eden space 22528K, 100% used [0x00000000f1600000,0x00000000f2c00000,0x00000000f2c00000)
  from space 4608K, 99% used [0x00000000f2c00000,0x00000000f307abe8,0x00000000f3080000)
  to   space 6144K, 0% used [0x00000000f4800000,0x00000000f4800000,0x00000000f4e00000)
 ParOldGen       total 30208K, used 8171K [0x00000000d4200000, 0x00000000d5f80000, 0x00000000f1600000)
  object space 30208K, 27% used [0x00000000d4200000,0x00000000d49fae00,0x00000000d5f80000)
 Metaspace       used 18882K, capacity 19152K, committed 19328K, reserved 1067008K
  class space    used 2559K, capacity 2669K, committed 2688K, reserved 1048576K
Event: 6.352 GC heap after
Heap after GC invocations=8 (full 0):
 PSYoungGen      total 50688K, used 5520K [0x00000000f1600000, 0x00000000f4f00000, 0x0000000100000000)
  eden space 44544K, 0% used [0x00000000f1600000,0x00000000f1600000,0x00000000f4180000)
  from space 6144K, 89% used [0x00000000f4800000,0x00000000f4d640e0,0x00000000f4e00000)
  to   space 6656K, 0% used [0x00000000f4180000,0x00000000f4180000,0x00000000f4800000)
 ParOldGen       total 30208K, used 8467K [0x00000000d4200000, 0x00000000d5f80000, 0x00000000f1600000)
  object space 30208K, 28% used [0x00000000d4200000,0x00000000d4a44e00,0x00000000d5f80000)
 Metaspace       used 18882K, capacity 19152K, committed 19328K, reserved 1067008K
  class space    used 2559K, capacity 2669K, committed 2688K, reserved 1048576K
}
Event: 7.503 GC heap before
{Heap before GC invocations=9 (full 0):
 PSYoungGen      total 50688K, used 26442K [0x00000000f1600000, 0x00000000f4f00000, 0x0000000100000000)
  eden space 44544K, 46% used [0x00000000f1600000,0x00000000f2a6e8a8,0x00000000f4180000)
  from space 6144K, 89% used [0x00000000f4800000,0x00000000f4d640e0,0x00000000f4e00000)
  to   space 6656K, 0% used [0x00000000f4180000,0x00000000f4180000,0x00000000f4800000)
 ParOldGen       total 30208K, used 8467K [0x00000000d4200000, 0x00000000d5f80000, 0x00000000f1600000)
  object space 30208K, 28% used [0x00000000d4200000,0x00000000d4a44e00,0x00000000d5f80000)
 Metaspace       used 20823K, capacity 21106K, committed 21248K, reserved 1067008K
  class space    used 2901K, capacity 2998K, committed 3072K, reserved 1048576K
Event: 7.532 GC heap after
Heap after GC invocations=9 (full 0):
 PSYoungGen      total 51200K, used 5646K [0x00000000f1600000, 0x00000000f4f00000, 0x0000000100000000)
  eden space 44544K, 0% used [0x00000000f1600000,0x00000000f1600000,0x00000000f4180000)
  from space 6656K, 84% used [0x00000000f4180000,0x00000000f4703b80,0x00000000f4800000)
  to   space 6144K, 0% used [0x00000000f4800000,0x00000000f4800000,0x00000000f4e00000)
 ParOldGen       total 30208K, used 9564K [0x00000000d4200000, 0x00000000d5f80000, 0x00000000f1600000)
  object space 30208K, 31% used [0x00000000d4200000,0x00000000d4b571a0,0x00000000d5f80000)
 Metaspace       used 20823K, capacity 21106K, committed 21248K, reserved 1067008K
  class space    used 2901K, capacity 2998K, committed 3072K, reserved 1048576K
}
Event: 7.532 GC heap before
{Heap before GC invocations=10 (full 1):
 PSYoungGen      total 51200K, used 5646K [0x00000000f1600000, 0x00000000f4f00000, 0x0000000100000000)
  eden space 44544K, 0% used [0x00000000f1600000,0x00000000f1600000,0x00000000f4180000)
  from space 6656K, 84% used [0x00000000f4180000,0x00000000f4703b80,0x00000000f4800000)
  to   space 6144K, 0% used [0x00000000f4800000,0x00000000f4800000,0x00000000f4e00000)
 ParOldGen       total 30208K, used 9564K [0x00000000d4200000, 0x00000000d5f80000, 0x00000000f1600000)
  object space 30208K, 31% used [0x00000000d4200000,0x00000000d4b571a0,0x00000000d5f80000)
 Metaspace       used 20823K, capacity 21106K, committed 21248K, reserved 1067008K
  class space    used 2901K, capacity 2998K, committed 3072K, reserved 1048576K
Event: 7.772 GC heap after
Heap after GC invocations=10 (full 1):
 PSYoungGen      total 51200K, used 0K [0x00000000f1600000, 0x00000000f4f00000, 0x0000000100000000)
  eden space 44544K, 0% used [0x00000000f1600000,0x00000000f1600000,0x00000000f4180000)
  from space 6656K, 0% used [0x00000000f4180000,0x00000000f4180000,0x00000000f4800000)
  to   space 6144K, 0% used [0x00000000f4800000,0x00000000f4800000,0x00000000f4e00000)
 ParOldGen       total 31232K, used 9783K [0x00000000d4200000, 0x00000000d6080000, 0x00000000f1600000)
  object space 31232K, 31% used [0x00000000d4200000,0x00000000d4b8dec8,0x00000000d6080000)
 Metaspace       used 20823K, capacity 21106K, committed 21248K, reserved 1067008K
  class space    used 2901K, capacity 2998K, committed 3072K, reserved 1048576K
}
Event: 10.036 GC heap before
{Heap before GC invocations=11 (full 1):
 PSYoungGen      total 51200K, used 44544K [0x00000000f1600000, 0x00000000f4f00000, 0x0000000100000000)
  eden space 44544K, 100% used [0x00000000f1600000,0x00000000f4180000,0x00000000f4180000)
  from space 6656K, 0% used [0x00000000f4180000,0x00000000f4180000,0x00000000f4800000)
  to   space 6144K, 0% used [0x00000000f4800000,0x00000000f4800000,0x00000000f4e00000)
 ParOldGen       total 31232K, used 9783K [0x00000000d4200000, 0x00000000d6080000, 0x00000000f1600000)
  object space 31232K, 31% used [0x00000000d4200000,0x00000000d4b8dec8,0x00000000d6080000)
 Metaspace       used 25082K, capacity 25484K, committed 25728K, reserved 1071104K
  class space    used 3552K, capacity 3692K, committed 3712K, reserved 1048576K
Event: 10.046 GC heap after
Heap after GC invocations=11 (full 1):
 PSYoungGen      total 50176K, used 4695K [0x00000000f1600000, 0x00000000f5980000, 0x0000000100000000)
  eden space 44032K, 0% used [0x00000000f1600000,0x00000000f1600000,0x00000000f4100000)
  from space 6144K, 76% used [0x00000000f4800000,0x00000000f4c95cf8,0x00000000f4e00000)
  to   space 7168K, 0% used [0x00000000f4100000,0x00000000f4100000,0x00000000f4800000)
 ParOldGen       total 31232K, used 9791K [0x00000000d4200000, 0x00000000d6080000, 0x00000000f1600000)
  object space 31232K, 31% used [0x00000000d4200000,0x00000000d4b8fec8,0x00000000d6080000)
 Metaspace       used 25082K, capacity 25484K, committed 25728K, reserved 1071104K
  class space    used 3552K, capacity 3692K, committed 3712K, reserved 1048576K
}
Event: 16.618 GC heap before
{Heap before GC invocations=12 (full 1):
 PSYoungGen      total 50176K, used 48727K [0x00000000f1600000, 0x00000000f5980000, 0x0000000100000000)
  eden space 44032K, 100% used [0x00000000f1600000,0x00000000f4100000,0x00000000f4100000)
  from space 6144K, 76% used [0x00000000f4800000,0x00000000f4c95cf8,0x00000000f4e00000)
  to   space 7168K, 0% used [0x00000000f4100000,0x00000000f4100000,0x00000000f4800000)
 ParOldGen       total 31232K, used 9791K [0x00000000d4200000, 0x00000000d6080000, 0x00000000f1600000)
  object space 31232K, 31% used [0x00000000d4200000,0x00000000d4b8fec8,0x00000000d6080000)
 Metaspace       used 27001K, capacity 27440K, committed 27776K, reserved 1073152K
  class space    used 3754K, capacity 3892K, committed 3968K, reserved 1048576K
Event: 16.646 GC heap after
Heap after GC invocations=12 (full 1):
 PSYoungGen      total 51200K, used 4533K [0x00000000f1600000, 0x00000000f5780000, 0x0000000100000000)
  eden space 44032K, 0% used [0x00000000f1600000,0x00000000f1600000,0x00000000f4100000)
  from space 7168K, 63% used [0x00000000f4100000,0x00000000f456d7a0,0x00000000f4800000)
  to   space 7168K, 0% used [0x00000000f5080000,0x00000000f5080000,0x00000000f5780000)
 ParOldGen       total 31232K, used 9799K [0x00000000d4200000, 0x00000000d6080000, 0x00000000f1600000)
  object space 31232K, 31% used [0x00000000d4200000,0x00000000d4b91ec8,0x00000000d6080000)
 Metaspace       used 27001K, capacity 27440K, committed 27776K, reserved 1073152K
  class space    used 3754K, capacity 3892K, committed 3968K, reserved 1048576K
}

