# JRE version: Java(TM) SE Runtime Environment (8.0_101-b13) (build 1.8.0_101-b13)
# Java VM: Java HotSpot(TM) 64-Bit Server VM (25.101-b13 mixed mode windows-amd64 compressed oops)
Heap:
 PSYoungGen      total 102400K, used 23556K [0x00000000f1600000, 0x00000000fae00000, 0x0000000100000000)
  eden space 94208K, 16% used [0x00000000f1600000,0x00000000f2506148,0x00000000f7200000)
  from space 8192K, 99% used [0x00000000f7200000,0x00000000f79fb160,0x00000000f7a00000)
  to   space 9728K, 0% used [0x00000000fa480000,0x00000000fa480000,0x00000000fae00000)
 ParOldGen       total 39424K, used 14621K [0x00000000d4200000, 0x00000000d6880000, 0x00000000f1600000)
  object space 39424K, 37% used [0x00000000d4200000,0x00000000d50476e0,0x00000000d6880000)
 Metaspace       used 28403K, capacity 28896K, committed 29312K, reserved 1075200K
  class space    used 3938K, capacity 4103K, committed 4224K, reserved 1048576K
GC Heap History (10 events):
Event: 2.717 GC heap before
{Heap before GC invocations=4 (full 0):
 PSYoungGen      total 25088K, used 24847K [0x00000000f1600000, 0x00000000f4700000, 0x0000000100000000)
  eden space 23552K, 99% used [0x00000000f1600000,0x00000000f2cc7d30,0x00000000f2d00000)
  from space 1536K, 98% used [0x00000000f2d00000,0x00000000f2e7c010,0x00000000f2e80000)
  to   space 1536K, 0% used [0x00000000f4580000,0x00000000f4580000,0x00000000f4700000)
 ParOldGen       total 30208K, used 4050K [0x00000000d4200000, 0x00000000d5f80000, 0x00000000f1600000)
  object space 30208K, 13% used [0x00000000d4200000,0x00000000d45f4b58,0x00000000d5f80000)
 Metaspace       used 12062K, capacity 12280K, committed 12544K, reserved 1060864K
  class space    used 1689K, capacity 1768K, committed 1792K, reserved 1048576K
Event: 2.733 GC heap after
Heap after GC invocations=4 (full 0):
 PSYoungGen      total 48640K, used 1520K [0x00000000f1600000, 0x00000000f4700000, 0x0000000100000000)
  eden space 47104K, 0% used [0x00000000f1600000,0x00000000f1600000,0x00000000f4400000)
  from space 1536K, 98% used [0x00000000f4580000,0x00000000f46fc030,0x00000000f4700000)
  to   space 1536K, 0% used [0x00000000f4400000,0x00000000f4400000,0x00000000f4580000)
 ParOldGen       total 30208K, used 7970K [0x00000000d4200000, 0x00000000d5f80000, 0x00000000f1600000)
  object space 30208K, 26% used [0x00000000d4200000,0x00000000d49c8898,0x00000000d5f80000)
 Metaspace       used 12062K, capacity 12280K, committed 12544K, reserved 1060864K
  class space    used 1689K, capacity 1768K, committed 1792K, reserved 1048576K
}
Event: 5.817 GC heap before
{Heap before GC invocations=5 (full 0):
 PSYoungGen      total 48640K, used 48624K [0x00000000f1600000, 0x00000000f4700000, 0x0000000100000000)
  eden space 47104K, 100% used [0x00000000f1600000,0x00000000f4400000,0x00000000f4400000)
  from space 1536K, 98% used [0x00000000f4580000,0x00000000f46fc030,0x00000000f4700000)
  to   space 1536K, 0% used [0x00000000f4400000,0x00000000f4400000,0x00000000f4580000)
 ParOldGen       total 30208K, used 7970K [0x00000000d4200000, 0x00000000d5f80000, 0x00000000f1600000)
  object space 30208K, 26% used [0x00000000d4200000,0x00000000d49c8898,0x00000000d5f80000)
 Metaspace       used 19083K, capacity 19376K, committed 19712K, reserved 1067008K
  class space    used 2594K, capacity 2701K, committed 2816K, reserved 1048576K
Event: 5.855 GC heap after
Heap after GC invocations=5 (full 0):
 PSYoungGen      total 48640K, used 1520K [0x00000000f1600000, 0x00000000f8300000, 0x0000000100000000)
  eden space 47104K, 0% used [0x00000000f1600000,0x00000000f1600000,0x00000000f4400000)
  from space 1536K, 98% used [0x00000000f4400000,0x00000000f457c010,0x00000000f4580000)
  to   space 8704K, 0% used [0x00000000f7a80000,0x00000000f7a80000,0x00000000f8300000)
 ParOldGen       total 30208K, used 15055K [0x00000000d4200000, 0x00000000d5f80000, 0x00000000f1600000)
  object space 30208K, 49% used [0x00000000d4200000,0x00000000d50b3d80,0x00000000d5f80000)
 Metaspace       used 19083K, capacity 19376K, committed 19712K, reserved 1067008K
  class space    used 2594K, capacity 2701K, committed 2816K, reserved 1048576K
}
Event: 6.688 GC heap before
{Heap before GC invocations=6 (full 0):
 PSYoungGen      total 48640K, used 20929K [0x00000000f1600000, 0x00000000f8300000, 0x0000000100000000)
  eden space 47104K, 41% used [0x00000000f1600000,0x00000000f28f4590,0x00000000f4400000)
  from space 1536K, 98% used [0x00000000f4400000,0x00000000f457c010,0x00000000f4580000)
  to   space 8704K, 0% used [0x00000000f7a80000,0x00000000f7a80000,0x00000000f8300000)
 ParOldGen       total 30208K, used 15055K [0x00000000d4200000, 0x00000000d5f80000, 0x00000000f1600000)
  object space 30208K, 49% used [0x00000000d4200000,0x00000000d50b3d80,0x00000000d5f80000)
 Metaspace       used 20841K, capacity 21106K, committed 21248K, reserved 1067008K
  class space    used 2900K, capacity 2998K, committed 3072K, reserved 1048576K
Event: 6.711 GC heap after
Heap after GC invocations=6 (full 0):
 PSYoungGen      total 101888K, used 3945K [0x00000000f1600000, 0x00000000f8200000, 0x0000000100000000)
  eden space 94208K, 0% used [0x00000000f1600000,0x00000000f1600000,0x00000000f7200000)
  from space 7680K, 51% used [0x00000000f7a80000,0x00000000f7e5a610,0x00000000f8200000)
  to   space 8192K, 0% used [0x00000000f7200000,0x00000000f7200000,0x00000000f7a00000)
 ParOldGen       total 30208K, used 15055K [0x00000000d4200000, 0x00000000d5f80000, 0x00000000f1600000)
  object space 30208K, 49% used [0x00000000d4200000,0x00000000d50b3d80,0x00000000d5f80000)
 Metaspace       used 20841K, capacity 21106K, committed 21248K, reserved 1067008K
  class space    used 2900K, capacity 2998K, committed 3072K, reserved 1048576K
}
Event: 6.711 GC heap before
{Heap before GC invocations=7 (full 1):
 PSYoungGen      total 101888K, used 3945K [0x00000000f1600000, 0x00000000f8200000, 0x0000000100000000)
  eden space 94208K, 0% used [0x00000000f1600000,0x00000000f1600000,0x00000000f7200000)
  from space 7680K, 51% used [0x00000000f7a80000,0x00000000f7e5a610,0x00000000f8200000)
  to   space 8192K, 0% used [0x00000000f7200000,0x00000000f7200000,0x00000000f7a00000)
 ParOldGen       total 30208K, used 15055K [0x00000000d4200000, 0x00000000d5f80000, 0x00000000f1600000)
  object space 30208K, 49% used [0x00000000d4200000,0x00000000d50b3d80,0x00000000d5f80000)
 Metaspace       used 20841K, capacity 21106K, committed 21248K, reserved 1067008K
  class space    used 2900K, capacity 2998K, committed 3072K, reserved 1048576K
Event: 6.831 GC heap after
Heap after GC invocations=7 (full 1):
 PSYoungGen      total 101888K, used 0K [0x00000000f1600000, 0x00000000f8200000, 0x0000000100000000)
  eden space 94208K, 0% used [0x00000000f1600000,0x00000000f1600000,0x00000000f7200000)
  from space 7680K, 0% used [0x00000000f7a80000,0x00000000f7a80000,0x00000000f8200000)
  to   space 8192K, 0% used [0x00000000f7200000,0x00000000f7200000,0x00000000f7a00000)
 ParOldGen       total 39424K, used 14621K [0x00000000d4200000, 0x00000000d6880000, 0x00000000f1600000)
  object space 39424K, 37% used [0x00000000d4200000,0x00000000d50476e0,0x00000000d6880000)
 Metaspace       used 20841K, capacity 21106K, committed 21248K, reserved 1067008K
  class space    used 2900K, capacity 2998K, committed 3072K, reserved 1048576K
}
Event: 14.948 GC heap before
{Heap before GC invocations=8 (full 1):
 PSYoungGen      total 101888K, used 94208K [0x00000000f1600000, 0x00000000f8200000, 0x0000000100000000)
  eden space 94208K, 100% used [0x00000000f1600000,0x00000000f7200000,0x00000000f7200000)
  from space 7680K, 0% used [0x00000000f7a80000,0x00000000f7a80000,0x00000000f8200000)
  to   space 8192K, 0% used [0x00000000f7200000,0x00000000f7200000,0x00000000f7a00000)
 ParOldGen       total 39424K, used 14621K [0x00000000d4200000, 0x00000000d6880000, 0x00000000f1600000)
  object space 39424K, 37% used [0x00000000d4200000,0x00000000d50476e0,0x00000000d6880000)
 Metaspace       used 27040K, capacity 27450K, committed 27776K, reserved 1073152K
  class space    used 3762K, capacity 3894K, committed 3968K, reserved 1048576K
Event: 14.991 GC heap after
Heap after GC invocations=8 (full 1):
 PSYoungGen      total 102400K, used 8172K [0x00000000f1600000, 0x00000000fae00000, 0x0000000100000000)
  eden space 94208K, 0% used [0x00000000f1600000,0x00000000f1600000,0x00000000f7200000)
  from space 8192K, 99% used [0x00000000f7200000,0x00000000f79fb160,0x00000000f7a00000)
  to   space 9728K, 0% used [0x00000000fa480000,0x00000000fa480000,0x00000000fae00000)
 ParOldGen       total 39424K, used 14621K [0x00000000d4200000, 0x00000000d6880000, 0x00000000f1600000)
  object space 39424K, 37% used [0x00000000d4200000,0x00000000d50476e0,0x00000000d6880000)
 Metaspace       used 27040K, capacity 27450K, committed 27776K, reserved 1073152K
  class space    used 3762K, capacity 3894K, committed 3968K, reserved 1048576K
}

