# JRE version: Java(TM) SE Runtime Environment (8.0_101-b13) (build 1.8.0_101-b13)
# Java VM: Java HotSpot(TM) 64-Bit Server VM (25.101-b13 mixed mode windows-amd64 compressed oops)
Heap:
 PSYoungGen      total 52224K, used 12464K [0x00000000f1600000, 0x00000000f7f00000, 0x0000000100000000)
  eden space 45568K, 27% used [0x00000000f1600000,0x00000000f222c030,0x00000000f4280000)
  from space 6656K, 0% used [0x00000000f4280000,0x00000000f4280000,0x00000000f4900000)
  to   space 8192K, 0% used [0x00000000f7700000,0x00000000f7700000,0x00000000f7f00000)
 ParOldGen       total 30208K, used 10602K [0x00000000d4200000, 0x00000000d5f80000, 0x00000000f1600000)
  object space 30208K, 35% used [0x00000000d4200000,0x00000000d4c5a9b8,0x00000000d5f80000)
 Metaspace       used 21679K, capacity 21932K, committed 22272K, reserved 1069056K
  class space    used 2995K, capacity 3063K, committed 3072K, reserved 1048576K
GC Heap History (10 events):
Event: 8.287 GC heap before
{Heap before GC invocations=4 (full 0):
 PSYoungGen      total 13312K, used 13296K [0x00000000f1600000, 0x00000000f3000000, 0x0000000100000000)
  eden space 11776K, 100% used [0x00000000f1600000,0x00000000f2180000,0x00000000f2180000)
  from space 1536K, 98% used [0x00000000f2180000,0x00000000f22fc030,0x00000000f2300000)
  to   space 1536K, 0% used [0x00000000f2e80000,0x00000000f2e80000,0x00000000f3000000)
 ParOldGen       total 30208K, used 3005K [0x00000000d4200000, 0x00000000d5f80000, 0x00000000f1600000)
  object space 30208K, 9% used [0x00000000d4200000,0x00000000d44ef548,0x00000000d5f80000)
 Metaspace       used 8755K, capacity 9004K, committed 9216K, reserved 1056768K
  class space    used 1171K, capacity 1256K, committed 1280K, reserved 1048576K
Event: 8.312 GC heap after
Heap after GC invocations=4 (full 0):
 PSYoungGen      total 25088K, used 1504K [0x00000000f1600000, 0x00000000f3000000, 0x0000000100000000)
  eden space 23552K, 0% used [0x00000000f1600000,0x00000000f1600000,0x00000000f2d00000)
  from space 1536K, 97% used [0x00000000f2e80000,0x00000000f2ff8020,0x00000000f3000000)
  to   space 1536K, 0% used [0x00000000f2d00000,0x00000000f2d00000,0x00000000f2e80000)
 ParOldGen       total 30208K, used 4017K [0x00000000d4200000, 0x00000000d5f80000, 0x00000000f1600000)
  object space 30208K, 13% used [0x00000000d4200000,0x00000000d45ec448,0x00000000d5f80000)
 Metaspace       used 8755K, capacity 9004K, committed 9216K, reserved 1056768K
  class space    used 1171K, capacity 1256K, committed 1280K, reserved 1048576K
}
Event: 18.422 GC heap before
{Heap before GC invocations=5 (full 0):
 PSYoungGen      total 25088K, used 25056K [0x00000000f1600000, 0x00000000f3000000, 0x0000000100000000)
  eden space 23552K, 100% used [0x00000000f1600000,0x00000000f2d00000,0x00000000f2d00000)
  from space 1536K, 97% used [0x00000000f2e80000,0x00000000f2ff8020,0x00000000f3000000)
  to   space 1536K, 0% used [0x00000000f2d00000,0x00000000f2d00000,0x00000000f2e80000)
 ParOldGen       total 30208K, used 4017K [0x00000000d4200000, 0x00000000d5f80000, 0x00000000f1600000)
  object space 30208K, 13% used [0x00000000d4200000,0x00000000d45ec448,0x00000000d5f80000)
 Metaspace       used 12241K, capacity 12460K, committed 12544K, reserved 1060864K
  class space    used 1690K, capacity 1768K, committed 1792K, reserved 1048576K
Event: 18.442 GC heap after
Heap after GC invocations=5 (full 0):
 PSYoungGen      total 25088K, used 1535K [0x00000000f1600000, 0x00000000f4e00000, 0x0000000100000000)
  eden space 23552K, 0% used [0x00000000f1600000,0x00000000f1600000,0x00000000f2d00000)
  from space 1536K, 99% used [0x00000000f2d00000,0x00000000f2e7fc30,0x00000000f2e80000)
  to   space 5120K, 0% used [0x00000000f4900000,0x00000000f4900000,0x00000000f4e00000)
 ParOldGen       total 30208K, used 7949K [0x00000000d4200000, 0x00000000d5f80000, 0x00000000f1600000)
  object space 30208K, 26% used [0x00000000d4200000,0x00000000d49c35b8,0x00000000d5f80000)
 Metaspace       used 12241K, capacity 12460K, committed 12544K, reserved 1060864K
  class space    used 1690K, capacity 1768K, committed 1792K, reserved 1048576K
}
Event: 35.217 GC heap before
{Heap before GC invocations=6 (full 0):
 PSYoungGen      total 25088K, used 25087K [0x00000000f1600000, 0x00000000f4e00000, 0x0000000100000000)
  eden space 23552K, 100% used [0x00000000f1600000,0x00000000f2d00000,0x00000000f2d00000)
  from space 1536K, 99% used [0x00000000f2d00000,0x00000000f2e7fc30,0x00000000f2e80000)
  to   space 5120K, 0% used [0x00000000f4900000,0x00000000f4900000,0x00000000f4e00000)
 ParOldGen       total 30208K, used 7949K [0x00000000d4200000, 0x00000000d5f80000, 0x00000000f1600000)
  object space 30208K, 26% used [0x00000000d4200000,0x00000000d49c35b8,0x00000000d5f80000)
 Metaspace       used 17041K, capacity 17304K, committed 17664K, reserved 1064960K
  class space    used 2339K, capacity 2442K, committed 2560K, reserved 1048576K
Event: 35.242 GC heap after
Heap after GC invocations=6 (full 0):
 PSYoungGen      total 50688K, used 5091K [0x00000000f1600000, 0x00000000f5100000, 0x0000000100000000)
  eden space 45568K, 0% used [0x00000000f1600000,0x00000000f1600000,0x00000000f4280000)
  from space 5120K, 99% used [0x00000000f4900000,0x00000000f4df8d98,0x00000000f4e00000)
  to   space 6656K, 0% used [0x00000000f4280000,0x00000000f4280000,0x00000000f4900000)
 ParOldGen       total 30208K, used 8647K [0x00000000d4200000, 0x00000000d5f80000, 0x00000000f1600000)
  object space 30208K, 28% used [0x00000000d4200000,0x00000000d4a71d98,0x00000000d5f80000)
 Metaspace       used 17041K, capacity 17304K, committed 17664K, reserved 1064960K
  class space    used 2339K, capacity 2442K, committed 2560K, reserved 1048576K
}
Event: 43.358 GC heap before
{Heap before GC invocations=7 (full 0):
 PSYoungGen      total 50688K, used 44914K [0x00000000f1600000, 0x00000000f5100000, 0x0000000100000000)
  eden space 45568K, 87% used [0x00000000f1600000,0x00000000f3ce3c90,0x00000000f4280000)
  from space 5120K, 99% used [0x00000000f4900000,0x00000000f4df8d98,0x00000000f4e00000)
  to   space 6656K, 0% used [0x00000000f4280000,0x00000000f4280000,0x00000000f4900000)
 ParOldGen       total 30208K, used 8647K [0x00000000d4200000, 0x00000000d5f80000, 0x00000000f1600000)
  object space 30208K, 28% used [0x00000000d4200000,0x00000000d4a71d98,0x00000000d5f80000)
 Metaspace       used 20887K, capacity 21090K, committed 21296K, reserved 1067008K
  class space    used 2867K, capacity 2934K, committed 2944K, reserved 1048576K
Event: 43.390 GC heap after
Heap after GC invocations=7 (full 0):
 PSYoungGen      total 52224K, used 6655K [0x00000000f1600000, 0x00000000f7f00000, 0x0000000100000000)
  eden space 45568K, 0% used [0x00000000f1600000,0x00000000f1600000,0x00000000f4280000)
  from space 6656K, 99% used [0x00000000f4280000,0x00000000f48fff08,0x00000000f4900000)
  to   space 8192K, 0% used [0x00000000f7700000,0x00000000f7700000,0x00000000f7f00000)
 ParOldGen       total 30208K, used 9971K [0x00000000d4200000, 0x00000000d5f80000, 0x00000000f1600000)
  object space 30208K, 33% used [0x00000000d4200000,0x00000000d4bbcfa0,0x00000000d5f80000)
 Metaspace       used 20887K, capacity 21090K, committed 21296K, reserved 1067008K
  class space    used 2867K, capacity 2934K, committed 2944K, reserved 1048576K
}
Event: 43.390 GC heap before
{Heap before GC invocations=8 (full 1):
 PSYoungGen      total 52224K, used 6655K [0x00000000f1600000, 0x00000000f7f00000, 0x0000000100000000)
  eden space 45568K, 0% used [0x00000000f1600000,0x00000000f1600000,0x00000000f4280000)
  from space 6656K, 99% used [0x00000000f4280000,0x00000000f48fff08,0x00000000f4900000)
  to   space 8192K, 0% used [0x00000000f7700000,0x00000000f7700000,0x00000000f7f00000)
 ParOldGen       total 30208K, used 9971K [0x00000000d4200000, 0x00000000d5f80000, 0x00000000f1600000)
  object space 30208K, 33% used [0x00000000d4200000,0x00000000d4bbcfa0,0x00000000d5f80000)
 Metaspace       used 20887K, capacity 21090K, committed 21296K, reserved 1067008K
  class space    used 2867K, capacity 2934K, committed 2944K, reserved 1048576K
Event: 43.738 GC heap after
Heap after GC invocations=8 (full 1):
 PSYoungGen      total 52224K, used 0K [0x00000000f1600000, 0x00000000f7f00000, 0x0000000100000000)
  eden space 45568K, 0% used [0x00000000f1600000,0x00000000f1600000,0x00000000f4280000)
  from space 6656K, 0% used [0x00000000f4280000,0x00000000f4280000,0x00000000f4900000)
  to   space 8192K, 0% used [0x00000000f7700000,0x00000000f7700000,0x00000000f7f00000)
 ParOldGen       total 30208K, used 10602K [0x00000000d4200000, 0x00000000d5f80000, 0x00000000f1600000)
  object space 30208K, 35% used [0x00000000d4200000,0x00000000d4c5a9b8,0x00000000d5f80000)
 Metaspace       used 20887K, capacity 21090K, committed 21296K, reserved 1067008K
  class space    used 2867K, capacity 2934K, committed 2944K, reserved 1048576K
}

