# JRE version: Java(TM) SE Runtime Environment (8.0_101-b13) (build 1.8.0_101-b13)
# Java VM: Java HotSpot(TM) 64-Bit Server VM (25.101-b13 mixed mode windows-amd64 compressed oops)
Heap:
 PSYoungGen      total 15360K, used 6287K [0x00000000f1600000, 0x00000000f2a00000, 0x0000000100000000)
  eden space 11264K, 20% used [0x00000000f1600000,0x00000000f183f978,0x00000000f2100000)
  from space 4096K, 97% used [0x00000000f2100000,0x00000000f24e4638,0x00000000f2500000)
  to   space 4608K, 0% used [0x00000000f2580000,0x00000000f2580000,0x00000000f2a00000)
 ParOldGen       total 30208K, used 6986K [0x00000000d4200000, 0x00000000d5f80000, 0x00000000f1600000)
  object space 30208K, 23% used [0x00000000d4200000,0x00000000d48d2950,0x00000000d5f80000)
 Metaspace       used 15255K, capacity 15512K, committed 15872K, reserved 1062912K
  class space    used 2096K, capacity 2184K, committed 2304K, reserved 1048576K
GC Heap History (10 events):
Event: 6.944 GC heap before
{Heap before GC invocations=3 (full 0):
 PSYoungGen      total 13312K, used 13312K [0x00000000f1600000, 0x00000000f2480000, 0x0000000100000000)
  eden space 11776K, 100% used [0x00000000f1600000,0x00000000f2180000,0x00000000f2180000)
  from space 1536K, 100% used [0x00000000f2300000,0x00000000f2480000,0x00000000f2480000)
  to   space 1536K, 0% used [0x00000000f2180000,0x00000000f2180000,0x00000000f2300000)
 ParOldGen       total 30208K, used 2527K [0x00000000d4200000, 0x00000000d5f80000, 0x00000000f1600000)
  object space 30208K, 8% used [0x00000000d4200000,0x00000000d4477c10,0x00000000d5f80000)
 Metaspace       used 8342K, capacity 8544K, committed 8704K, reserved 1056768K
  class space    used 1117K, capacity 1184K, committed 1280K, reserved 1048576K
Event: 6.949 GC heap after
Heap after GC invocations=3 (full 0):
 PSYoungGen      total 13312K, used 1504K [0x00000000f1600000, 0x00000000f2480000, 0x0000000100000000)
  eden space 11776K, 0% used [0x00000000f1600000,0x00000000f1600000,0x00000000f2180000)
  from space 1536K, 97% used [0x00000000f2180000,0x00000000f22f8020,0x00000000f2300000)
  to   space 1536K, 0% used [0x00000000f2300000,0x00000000f2300000,0x00000000f2480000)
 ParOldGen       total 30208K, used 3143K [0x00000000d4200000, 0x00000000d5f80000, 0x00000000f1600000)
  object space 30208K, 10% used [0x00000000d4200000,0x00000000d4511f38,0x00000000d5f80000)
 Metaspace       used 8342K, capacity 8544K, committed 8704K, reserved 1056768K
  class space    used 1117K, capacity 1184K, committed 1280K, reserved 1048576K
}
Event: 8.663 GC heap before
{Heap before GC invocations=4 (full 0):
 PSYoungGen      total 13312K, used 13280K [0x00000000f1600000, 0x00000000f2480000, 0x0000000100000000)
  eden space 11776K, 100% used [0x00000000f1600000,0x00000000f2180000,0x00000000f2180000)
  from space 1536K, 97% used [0x00000000f2180000,0x00000000f22f8020,0x00000000f2300000)
  to   space 1536K, 0% used [0x00000000f2300000,0x00000000f2300000,0x00000000f2480000)
 ParOldGen       total 30208K, used 3143K [0x00000000d4200000, 0x00000000d5f80000, 0x00000000f1600000)
  object space 30208K, 10% used [0x00000000d4200000,0x00000000d4511f38,0x00000000d5f80000)
 Metaspace       used 8598K, capacity 8824K, committed 8960K, reserved 1056768K
  class space    used 1169K, capacity 1256K, committed 1280K, reserved 1048576K
Event: 8.671 GC heap after
Heap after GC invocations=4 (full 0):
 PSYoungGen      total 13312K, used 1520K [0x00000000f1600000, 0x00000000f2480000, 0x0000000100000000)
  eden space 11776K, 0% used [0x00000000f1600000,0x00000000f1600000,0x00000000f2180000)
  from space 1536K, 98% used [0x00000000f2300000,0x00000000f247c010,0x00000000f2480000)
  to   space 1536K, 0% used [0x00000000f2180000,0x00000000f2180000,0x00000000f2300000)
 ParOldGen       total 30208K, used 4130K [0x00000000d4200000, 0x00000000d5f80000, 0x00000000f1600000)
  object space 30208K, 13% used [0x00000000d4200000,0x00000000d4608980,0x00000000d5f80000)
 Metaspace       used 8598K, capacity 8824K, committed 8960K, reserved 1056768K
  class space    used 1169K, capacity 1256K, committed 1280K, reserved 1048576K
}
Event: 9.388 GC heap before
{Heap before GC invocations=5 (full 0):
 PSYoungGen      total 13312K, used 13296K [0x00000000f1600000, 0x00000000f2480000, 0x0000000100000000)
  eden space 11776K, 100% used [0x00000000f1600000,0x00000000f2180000,0x00000000f2180000)
  from space 1536K, 98% used [0x00000000f2300000,0x00000000f247c010,0x00000000f2480000)
  to   space 1536K, 0% used [0x00000000f2180000,0x00000000f2180000,0x00000000f2300000)
 ParOldGen       total 30208K, used 4130K [0x00000000d4200000, 0x00000000d5f80000, 0x00000000f1600000)
  object space 30208K, 13% used [0x00000000d4200000,0x00000000d4608980,0x00000000d5f80000)
 Metaspace       used 10119K, capacity 10392K, committed 10496K, reserved 1058816K
  class space    used 1410K, capacity 1480K, committed 1536K, reserved 1048576K
Event: 9.395 GC heap after
Heap after GC invocations=5 (full 0):
 PSYoungGen      total 13312K, used 1520K [0x00000000f1600000, 0x00000000f2880000, 0x0000000100000000)
  eden space 11776K, 0% used [0x00000000f1600000,0x00000000f1600000,0x00000000f2180000)
  from space 1536K, 98% used [0x00000000f2180000,0x00000000f22fc030,0x00000000f2300000)
  to   space 3584K, 0% used [0x00000000f2500000,0x00000000f2500000,0x00000000f2880000)
 ParOldGen       total 30208K, used 5598K [0x00000000d4200000, 0x00000000d5f80000, 0x00000000f1600000)
  object space 30208K, 18% used [0x00000000d4200000,0x00000000d47778d8,0x00000000d5f80000)
 Metaspace       used 10119K, capacity 10392K, committed 10496K, reserved 1058816K
  class space    used 1410K, capacity 1480K, committed 1536K, reserved 1048576K
}
Event: 10.443 GC heap before
{Heap before GC invocations=6 (full 0):
 PSYoungGen      total 13312K, used 13041K [0x00000000f1600000, 0x00000000f2880000, 0x0000000100000000)
  eden space 11776K, 97% used [0x00000000f1600000,0x00000000f2140648,0x00000000f2180000)
  from space 1536K, 98% used [0x00000000f2180000,0x00000000f22fc030,0x00000000f2300000)
  to   space 3584K, 0% used [0x00000000f2500000,0x00000000f2500000,0x00000000f2880000)
 ParOldGen       total 30208K, used 5598K [0x00000000d4200000, 0x00000000d5f80000, 0x00000000f1600000)
  object space 30208K, 18% used [0x00000000d4200000,0x00000000d47778d8,0x00000000d5f80000)
 Metaspace       used 12056K, capacity 12280K, committed 12544K, reserved 1060864K
  class space    used 1687K, capacity 1768K, committed 1792K, reserved 1048576K
Event: 10.451 GC heap after
Heap after GC invocations=6 (full 0):
 PSYoungGen      total 14848K, used 3580K [0x00000000f1600000, 0x00000000f2980000, 0x0000000100000000)
  eden space 11264K, 0% used [0x00000000f1600000,0x00000000f1600000,0x00000000f2100000)
  from space 3584K, 99% used [0x00000000f2500000,0x00000000f287f2a0,0x00000000f2880000)
  to   space 4096K, 0% used [0x00000000f2100000,0x00000000f2100000,0x00000000f2500000)
 ParOldGen       total 30208K, used 5977K [0x00000000d4200000, 0x00000000d5f80000, 0x00000000f1600000)
  object space 30208K, 19% used [0x00000000d4200000,0x00000000d47d67c0,0x00000000d5f80000)
 Metaspace       used 12056K, capacity 12280K, committed 12544K, reserved 1060864K
  class space    used 1687K, capacity 1768K, committed 1792K, reserved 1048576K
}
Event: 11.524 GC heap before
{Heap before GC invocations=7 (full 0):
 PSYoungGen      total 14848K, used 14844K [0x00000000f1600000, 0x00000000f2980000, 0x0000000100000000)
  eden space 11264K, 100% used [0x00000000f1600000,0x00000000f2100000,0x00000000f2100000)
  from space 3584K, 99% used [0x00000000f2500000,0x00000000f287f2a0,0x00000000f2880000)
  to   space 4096K, 0% used [0x00000000f2100000,0x00000000f2100000,0x00000000f2500000)
 ParOldGen       total 30208K, used 5977K [0x00000000d4200000, 0x00000000d5f80000, 0x00000000f1600000)
  object space 30208K, 19% used [0x00000000d4200000,0x00000000d47d67c0,0x00000000d5f80000)
 Metaspace       used 14981K, capacity 15288K, committed 15488K, reserved 1062912K
  class space    used 2049K, capacity 2152K, committed 2176K, reserved 1048576K
Event: 11.534 GC heap after
Heap after GC invocations=7 (full 0):
 PSYoungGen      total 15360K, used 3985K [0x00000000f1600000, 0x00000000f2a00000, 0x0000000100000000)
  eden space 11264K, 0% used [0x00000000f1600000,0x00000000f1600000,0x00000000f2100000)
  from space 4096K, 97% used [0x00000000f2100000,0x00000000f24e4638,0x00000000f2500000)
  to   space 4608K, 0% used [0x00000000f2580000,0x00000000f2580000,0x00000000f2a00000)
 ParOldGen       total 30208K, used 6986K [0x00000000d4200000, 0x00000000d5f80000, 0x00000000f1600000)
  object space 30208K, 23% used [0x00000000d4200000,0x00000000d48d2950,0x00000000d5f80000)
 Metaspace       used 14981K, capacity 15288K, committed 15488K, reserved 1062912K
  class space    used 2049K, capacity 2152K, committed 2176K, reserved 1048576K
}

