# JRE version: Java(TM) SE Runtime Environment (8.0_101-b13) (build 1.8.0_101-b13)
# Java VM: Java HotSpot(TM) 64-Bit Server VM (25.101-b13 mixed mode windows-amd64 compressed oops)
Heap:
 PSYoungGen      total 25088K, used 23536K [0x00000000f1600000, 0x00000000f4700000, 0x0000000100000000)
  eden space 23552K, 93% used [0x00000000f1600000,0x00000000f2b80428,0x00000000f2d00000)
  from space 1536K, 98% used [0x00000000f4580000,0x00000000f46fbc40,0x00000000f4700000)
  to   space 1536K, 0% used [0x00000000f2d00000,0x00000000f2d00000,0x00000000f2e80000)
 ParOldGen       total 30208K, used 7908K [0x00000000d4200000, 0x00000000d5f80000, 0x00000000f1600000)
  object space 30208K, 26% used [0x00000000d4200000,0x00000000d49b91c8,0x00000000d5f80000)
 Metaspace       used 16635K, capacity 16888K, committed 17280K, reserved 1064960K
  class space    used 2276K, capacity 2346K, committed 2432K, reserved 1048576K
GC Heap History (8 events):
Event: 6.171 GC heap before
{Heap before GC invocations=1 (full 0):
 PSYoungGen      total 13312K, used 11776K [0x00000000f1600000, 0x00000000f2480000, 0x0000000100000000)
  eden space 11776K, 100% used [0x00000000f1600000,0x00000000f2180000,0x00000000f2180000)
  from space 1536K, 0% used [0x00000000f2300000,0x00000000f2300000,0x00000000f2480000)
  to   space 1536K, 0% used [0x00000000f2180000,0x00000000f2180000,0x00000000f2300000)
 ParOldGen       total 30208K, used 0K [0x00000000d4200000, 0x00000000d5f80000, 0x00000000f1600000)
  object space 30208K, 0% used [0x00000000d4200000,0x00000000d4200000,0x00000000d5f80000)
 Metaspace       used 5508K, capacity 5808K, committed 5888K, reserved 1056768K
  class space    used 698K, capacity 768K, committed 768K, reserved 1048576K
Event: 6.316 GC heap after
Heap after GC invocations=1 (full 0):
 PSYoungGen      total 13312K, used 1506K [0x00000000f1600000, 0x00000000f3000000, 0x0000000100000000)
  eden space 11776K, 0% used [0x00000000f1600000,0x00000000f1600000,0x00000000f2180000)
  from space 1536K, 98% used [0x00000000f2180000,0x00000000f22f8ae0,0x00000000f2300000)
  to   space 1536K, 0% used [0x00000000f2e80000,0x00000000f2e80000,0x00000000f3000000)
 ParOldGen       total 30208K, used 784K [0x00000000d4200000, 0x00000000d5f80000, 0x00000000f1600000)
  object space 30208K, 2% used [0x00000000d4200000,0x00000000d42c4150,0x00000000d5f80000)
 Metaspace       used 5508K, capacity 5808K, committed 5888K, reserved 1056768K
  class space    used 698K, capacity 768K, committed 768K, reserved 1048576K
}
Event: 11.908 GC heap before
{Heap before GC invocations=2 (full 0):
 PSYoungGen      total 13312K, used 13282K [0x00000000f1600000, 0x00000000f3000000, 0x0000000100000000)
  eden space 11776K, 100% used [0x00000000f1600000,0x00000000f2180000,0x00000000f2180000)
  from space 1536K, 98% used [0x00000000f2180000,0x00000000f22f8ae0,0x00000000f2300000)
  to   space 1536K, 0% used [0x00000000f2e80000,0x00000000f2e80000,0x00000000f3000000)
 ParOldGen       total 30208K, used 784K [0x00000000d4200000, 0x00000000d5f80000, 0x00000000f1600000)
  object space 30208K, 2% used [0x00000000d4200000,0x00000000d42c4150,0x00000000d5f80000)
 Metaspace       used 8205K, capacity 8372K, committed 8576K, reserved 1056768K
  class space    used 1079K, capacity 1152K, committed 1152K, reserved 1048576K
Event: 11.915 GC heap after
Heap after GC invocations=2 (full 0):
 PSYoungGen      total 25088K, used 1536K [0x00000000f1600000, 0x00000000f3000000, 0x0000000100000000)
  eden space 23552K, 0% used [0x00000000f1600000,0x00000000f1600000,0x00000000f2d00000)
  from space 1536K, 100% used [0x00000000f2e80000,0x00000000f3000000,0x00000000f3000000)
  to   space 1536K, 0% used [0x00000000f2d00000,0x00000000f2d00000,0x00000000f2e80000)
 ParOldGen       total 30208K, used 2528K [0x00000000d4200000, 0x00000000d5f80000, 0x00000000f1600000)
  object space 30208K, 8% used [0x00000000d4200000,0x00000000d4478098,0x00000000d5f80000)
 Metaspace       used 8205K, capacity 8372K, committed 8576K, reserved 1056768K
  class space    used 1079K, capacity 1152K, committed 1152K, reserved 1048576K
}
Event: 13.471 GC heap before
{Heap before GC invocations=3 (full 0):
 PSYoungGen      total 25088K, used 25088K [0x00000000f1600000, 0x00000000f3000000, 0x0000000100000000)
  eden space 23552K, 100% used [0x00000000f1600000,0x00000000f2d00000,0x00000000f2d00000)
  from space 1536K, 100% used [0x00000000f2e80000,0x00000000f3000000,0x00000000f3000000)
  to   space 1536K, 0% used [0x00000000f2d00000,0x00000000f2d00000,0x00000000f2e80000)
 ParOldGen       total 30208K, used 2528K [0x00000000d4200000, 0x00000000d5f80000, 0x00000000f1600000)
  object space 30208K, 8% used [0x00000000d4200000,0x00000000d4478098,0x00000000d5f80000)
 Metaspace       used 8737K, capacity 9004K, committed 9216K, reserved 1056768K
  class space    used 1167K, capacity 1256K, committed 1280K, reserved 1048576K
Event: 13.479 GC heap after
Heap after GC invocations=3 (full 0):
 PSYoungGen      total 25088K, used 1504K [0x00000000f1600000, 0x00000000f4700000, 0x0000000100000000)
  eden space 23552K, 0% used [0x00000000f1600000,0x00000000f1600000,0x00000000f2d00000)
  from space 1536K, 97% used [0x00000000f2d00000,0x00000000f2e78020,0x00000000f2e80000)
  to   space 1536K, 0% used [0x00000000f4580000,0x00000000f4580000,0x00000000f4700000)
 ParOldGen       total 30208K, used 4133K [0x00000000d4200000, 0x00000000d5f80000, 0x00000000f1600000)
  object space 30208K, 13% used [0x00000000d4200000,0x00000000d4609690,0x00000000d5f80000)
 Metaspace       used 8737K, capacity 9004K, committed 9216K, reserved 1056768K
  class space    used 1167K, capacity 1256K, committed 1280K, reserved 1048576K
}
Event: 17.061 GC heap before
{Heap before GC invocations=4 (full 0):
 PSYoungGen      total 25088K, used 25056K [0x00000000f1600000, 0x00000000f4700000, 0x0000000100000000)
  eden space 23552K, 100% used [0x00000000f1600000,0x00000000f2d00000,0x00000000f2d00000)
  from space 1536K, 97% used [0x00000000f2d00000,0x00000000f2e78020,0x00000000f2e80000)
  to   space 1536K, 0% used [0x00000000f4580000,0x00000000f4580000,0x00000000f4700000)
 ParOldGen       total 30208K, used 4133K [0x00000000d4200000, 0x00000000d5f80000, 0x00000000f1600000)
  object space 30208K, 13% used [0x00000000d4200000,0x00000000d4609690,0x00000000d5f80000)
 Metaspace       used 12229K, capacity 12460K, committed 12544K, reserved 1060864K
  class space    used 1688K, capacity 1768K, committed 1792K, reserved 1048576K
Event: 17.072 GC heap after
Heap after GC invocations=4 (full 0):
 PSYoungGen      total 25088K, used 1519K [0x00000000f1600000, 0x00000000f4700000, 0x0000000100000000)
  eden space 23552K, 0% used [0x00000000f1600000,0x00000000f1600000,0x00000000f2d00000)
  from space 1536K, 98% used [0x00000000f4580000,0x00000000f46fbc40,0x00000000f4700000)
  to   space 1536K, 0% used [0x00000000f2d00000,0x00000000f2d00000,0x00000000f2e80000)
 ParOldGen       total 30208K, used 7908K [0x00000000d4200000, 0x00000000d5f80000, 0x00000000f1600000)
  object space 30208K, 26% used [0x00000000d4200000,0x00000000d49b91c8,0x00000000d5f80000)
 Metaspace       used 12229K, capacity 12460K, committed 12544K, reserved 1060864K
  class space    used 1688K, capacity 1768K, committed 1792K, reserved 1048576K
}

