# JRE version: Java(TM) SE Runtime Environment (8.0_101-b13) (build 1.8.0_101-b13)
# Java VM: Java HotSpot(TM) 64-Bit Server VM (25.101-b13 mixed mode windows-amd64 compressed oops)
Heap:
 PSYoungGen      total 25088K, used 5025K [0x00000000f1600000, 0x00000000f3000000, 0x0000000100000000)
  eden space 23552K, 14% used [0x00000000f1600000,0x00000000f1970718,0x00000000f2d00000)
  from space 1536K, 97% used [0x00000000f2d00000,0x00000000f2e78020,0x00000000f2e80000)
  to   space 1536K, 97% used [0x00000000f2e80000,0x00000000f2ff8020,0x00000000f3000000)
 ParOldGen       total 30208K, used 8696K [0x00000000d4200000, 0x00000000d5f80000, 0x00000000f1600000)
  object space 30208K, 28% used [0x00000000d4200000,0x00000000d4a7e1d8,0x00000000d5f80000)
 Metaspace       used 13737K, capacity 13912K, committed 14080K, reserved 1069056K
  class space    used 1855K, capacity 1928K, committed 2048K, reserved 1048576K
GC Heap History (10 events):
Event: 0.719 GC heap after
Heap after GC invocations=1 (full 0):
 PSYoungGen      total 13312K, used 1520K [0x00000000f1600000, 0x00000000f2480000, 0x0000000100000000)
  eden space 11776K, 0% used [0x00000000f1600000,0x00000000f1600000,0x00000000f2180000)
  from space 1536K, 98% used [0x00000000f2180000,0x00000000f22fc010,0x00000000f2300000)
  to   space 1536K, 0% used [0x00000000f2300000,0x00000000f2300000,0x00000000f2480000)
 ParOldGen       total 30208K, used 758K [0x00000000d4200000, 0x00000000d5f80000, 0x00000000f1600000)
  object space 30208K, 2% used [0x00000000d4200000,0x00000000d42bd928,0x00000000d5f80000)
 Metaspace       used 5410K, capacity 5808K, committed 5888K, reserved 1056768K
  class space    used 698K, capacity 768K, committed 768K, reserved 1048576K
}
Event: 1.273 GC heap before
{Heap before GC invocations=2 (full 0):
 PSYoungGen      total 13312K, used 13296K [0x00000000f1600000, 0x00000000f2480000, 0x0000000100000000)
  eden space 11776K, 100% used [0x00000000f1600000,0x00000000f2180000,0x00000000f2180000)
  from space 1536K, 98% used [0x00000000f2180000,0x00000000f22fc010,0x00000000f2300000)
  to   space 1536K, 0% used [0x00000000f2300000,0x00000000f2300000,0x00000000f2480000)
 ParOldGen       total 30208K, used 758K [0x00000000d4200000, 0x00000000d5f80000, 0x00000000f1600000)
  object space 30208K, 2% used [0x00000000d4200000,0x00000000d42bd928,0x00000000d5f80000)
 Metaspace       used 8066K, capacity 8256K, committed 8320K, reserved 1056768K
  class space    used 1080K, capacity 1152K, committed 1152K, reserved 1048576K
Event: 1.281 GC heap after
Heap after GC invocations=2 (full 0):
 PSYoungGen      total 13312K, used 1520K [0x00000000f1600000, 0x00000000f3000000, 0x0000000100000000)
  eden space 11776K, 0% used [0x00000000f1600000,0x00000000f1600000,0x00000000f2180000)
  from space 1536K, 98% used [0x00000000f2300000,0x00000000f247c010,0x00000000f2480000)
  to   space 1536K, 0% used [0x00000000f2180000,0x00000000f2180000,0x00000000f2300000)
 ParOldGen       total 30208K, used 2512K [0x00000000d4200000, 0x00000000d5f80000, 0x00000000f1600000)
  object space 30208K, 8% used [0x00000000d4200000,0x00000000d44742b0,0x00000000d5f80000)
 Metaspace       used 8066K, capacity 8256K, committed 8320K, reserved 1056768K
  class space    used 1080K, capacity 1152K, committed 1152K, reserved 1048576K
}
Event: 1.539 GC heap before
{Heap before GC invocations=3 (full 0):
 PSYoungGen      total 13312K, used 13296K [0x00000000f1600000, 0x00000000f3000000, 0x0000000100000000)
  eden space 11776K, 100% used [0x00000000f1600000,0x00000000f2180000,0x00000000f2180000)
  from space 1536K, 98% used [0x00000000f2300000,0x00000000f247c010,0x00000000f2480000)
  to   space 1536K, 0% used [0x00000000f2180000,0x00000000f2180000,0x00000000f2300000)
 ParOldGen       total 30208K, used 2512K [0x00000000d4200000, 0x00000000d5f80000, 0x00000000f1600000)
  object space 30208K, 8% used [0x00000000d4200000,0x00000000d44742b0,0x00000000d5f80000)
 Metaspace       used 8352K, capacity 8544K, committed 8704K, reserved 1056768K
  class space    used 1119K, capacity 1184K, committed 1280K, reserved 1048576K
Event: 1.543 GC heap after
Heap after GC invocations=3 (full 0):
 PSYoungGen      total 13312K, used 1504K [0x00000000f1600000, 0x00000000f3000000, 0x0000000100000000)
  eden space 11776K, 0% used [0x00000000f1600000,0x00000000f1600000,0x00000000f2180000)
  from space 1536K, 97% used [0x00000000f2180000,0x00000000f22f8020,0x00000000f2300000)
  to   space 1536K, 0% used [0x00000000f2e80000,0x00000000f2e80000,0x00000000f3000000)
 ParOldGen       total 30208K, used 3113K [0x00000000d4200000, 0x00000000d5f80000, 0x00000000f1600000)
  object space 30208K, 10% used [0x00000000d4200000,0x00000000d450a608,0x00000000d5f80000)
 Metaspace       used 8352K, capacity 8544K, committed 8704K, reserved 1056768K
  class space    used 1119K, capacity 1184K, committed 1280K, reserved 1048576K
}
Event: 1.815 GC heap before
{Heap before GC invocations=4 (full 0):
 PSYoungGen      total 13312K, used 13280K [0x00000000f1600000, 0x00000000f3000000, 0x0000000100000000)
  eden space 11776K, 100% used [0x00000000f1600000,0x00000000f2180000,0x00000000f2180000)
  from space 1536K, 97% used [0x00000000f2180000,0x00000000f22f8020,0x00000000f2300000)
  to   space 1536K, 0% used [0x00000000f2e80000,0x00000000f2e80000,0x00000000f3000000)
 ParOldGen       total 30208K, used 3113K [0x00000000d4200000, 0x00000000d5f80000, 0x00000000f1600000)
  object space 30208K, 10% used [0x00000000d4200000,0x00000000d450a608,0x00000000d5f80000)
 Metaspace       used 8607K, capacity 8888K, committed 8960K, reserved 1056768K
  class space    used 1171K, capacity 1256K, committed 1280K, reserved 1048576K
Event: 1.828 GC heap after
Heap after GC invocations=4 (full 0):
 PSYoungGen      total 25088K, used 1520K [0x00000000f1600000, 0x00000000f3000000, 0x0000000100000000)
  eden space 23552K, 0% used [0x00000000f1600000,0x00000000f1600000,0x00000000f2d00000)
  from space 1536K, 98% used [0x00000000f2e80000,0x00000000f2ffc010,0x00000000f3000000)
  to   space 1536K, 0% used [0x00000000f2d00000,0x00000000f2d00000,0x00000000f2e80000)
 ParOldGen       total 30208K, used 4067K [0x00000000d4200000, 0x00000000d5f80000, 0x00000000f1600000)
  object space 30208K, 13% used [0x00000000d4200000,0x00000000d45f8e60,0x00000000d5f80000)
 Metaspace       used 8607K, capacity 8888K, committed 8960K, reserved 1056768K
  class space    used 1171K, capacity 1256K, committed 1280K, reserved 1048576K
}
Event: 2.435 GC heap before
{Heap before GC invocations=5 (full 0):
 PSYoungGen      total 25088K, used 25035K [0x00000000f1600000, 0x00000000f3000000, 0x0000000100000000)
  eden space 23552K, 99% used [0x00000000f1600000,0x00000000f2cf6fc0,0x00000000f2d00000)
  from space 1536K, 98% used [0x00000000f2e80000,0x00000000f2ffc010,0x00000000f3000000)
  to   space 1536K, 0% used [0x00000000f2d00000,0x00000000f2d00000,0x00000000f2e80000)
 ParOldGen       total 30208K, used 4067K [0x00000000d4200000, 0x00000000d5f80000, 0x00000000f1600000)
  object space 30208K, 13% used [0x00000000d4200000,0x00000000d45f8e60,0x00000000d5f80000)
 Metaspace       used 12079K, capacity 12344K, committed 12544K, reserved 1060864K
  class space    used 1689K, capacity 1768K, committed 1792K, reserved 1048576K
Event: 2.447 GC heap after
Heap after GC invocations=5 (full 0):
 PSYoungGen      total 25088K, used 1504K [0x00000000f1600000, 0x00000000f3000000, 0x0000000100000000)
  eden space 23552K, 0% used [0x00000000f1600000,0x00000000f1600000,0x00000000f2d00000)
  from space 1536K, 97% used [0x00000000f2d00000,0x00000000f2e78020,0x00000000f2e80000)
  to   space 1536K, 0% used [0x00000000f2e80000,0x00000000f2e80000,0x00000000f3000000)
 ParOldGen       total 30208K, used 8042K [0x00000000d4200000, 0x00000000d5f80000, 0x00000000f1600000)
  object space 30208K, 26% used [0x00000000d4200000,0x00000000d49daa18,0x00000000d5f80000)
 Metaspace       used 12079K, capacity 12344K, committed 12544K, reserved 1060864K
  class space    used 1689K, capacity 1768K, committed 1792K, reserved 1048576K
}
Event: 2.571 GC heap before
{Heap before GC invocations=6 (full 0):
 PSYoungGen      total 25088K, used 5025K [0x00000000f1600000, 0x00000000f3000000, 0x0000000100000000)
  eden space 23552K, 14% used [0x00000000f1600000,0x00000000f1970718,0x00000000f2d00000)
  from space 1536K, 97% used [0x00000000f2d00000,0x00000000f2e78020,0x00000000f2e80000)
  to   space 1536K, 0% used [0x00000000f2e80000,0x00000000f2e80000,0x00000000f3000000)
 ParOldGen       total 30208K, used 8042K [0x00000000d4200000, 0x00000000d5f80000, 0x00000000f1600000)
  object space 30208K, 26% used [0x00000000d4200000,0x00000000d49daa18,0x00000000d5f80000)
 Metaspace       used 13737K, capacity 13912K, committed 14080K, reserved 1069056K
  class space    used 1855K, capacity 1928K, committed 2048K, reserved 1048576K

